15:53:31.258 > [37me[37mts Jun  8 2016 00:22:57
15:53:31.259 > 
15:53:31.259 > rst:[37m0[37mx1 (POWERON_RESET),boot:0x13 (S[37mP[37mI_FAST_FLASH_BOOT)
15:53:31.263 > configsip: [37m0[37m, SPIWP:0xee
15:53:31.266 > clk_drv:0x00,q_dr[37mv[37m:0x00,d_drv:0x00,cs0_drv:0x00,h[37md[37m_drv:0x00,wp_drv:0x00
15:53:31.272 > mode:DIO[37m,[37m clock div:2
15:53:31.274 > load:0x3fff0030,l[37me[37mn:1184
15:53:31.277 > load:0x40078000,len:131[37m9[37m2
15:53:31.280 > load:0x40080400,len:3028
15:53:31.280 > en[37mt[37mry 0x400805e4
15:53:31.858 > [37ms[37mtart
15:53:31.910 > [37m [37mExternal Reset
15:53:31.911 >  Brown out Reset[37m
15:53:31.913 > [37m Watchdog Reset
15:53:31.913 > Marlin 2.1.2
15:53:31.913 > ec[37mh[37mo: Last Updated: 2022-12-17 | A[37mu[37mthor: (none, default config)
15:53:31.919 > ec[37mh[37mo: Compiled: Dec 31 2024
15:53:31.921 > echo: [37mF[37mree Memory: 231680  PlannerBuff[37me[37mrBytes: 1664
15:53:32.037 > [37me[37mcho:V87 stored settings retriev[37me[37md (1162 bytes; crc 37747)
15:53:32.048 > [37me[37mcho:SD card released
15:53:44.077 > [37me[37mcho:No SD card
15:53:44.084 > [37me[37mcho:Setup wifi
15:53:44.212 > [37me[37mcho:Connecting
15:53:47.234 > [37me[37mcho:10.0.0.212
15:53:48.716 > [37me[37mcho:10.0.0.212
