13:08:09.629 > [37m [37mExternal Reset
13:08:09.629 >  Brown out Reset[37m
13:08:09.632 > [37m Watchdog Reset
13:08:09.632 > Marlin 2.1.2
13:08:09.632 > ec[37mh[37mo: Last Updated: 2022-12-17 | A[37mu[37mthor: (none, default config)
13:08:09.637 > ec[37mh[37mo: Compiled: Jan 12 2024
13:08:09.640 > echo: [37mF[37mree Memory: 225352  PlannerBuff[37me[37mrBytes: 1344
13:08:09.666 > [37me[37mcho:Hardcoded Default Settings [37mL[37moaded
13:08:09.689 > [37me[37mcho:Settings Stored (870 bytes;[37m [37mcrc 37517)
13:08:09.787 > [37me[37mcho:EEPROM Initialized
13:08:09.802 > [37me[37mcho:SD card released
13:08:22.227 > [37me[37mcho:No SD card
13:08:22.242 > [37me[37mcho:Setup wifi
13:08:22.377 > [37me[37mcho:Connecting
13:08:25.419 > [37me[37mcho:10.0.0.110
13:08:26.881 > [37me[37mcho:10.0.0.110
13:08:36.688 > [37m{[37m"myPanel":{"values":{"time":"20[37m2[37m4-01-12T13:08:36"}}}
13:23:15.498 > [37me[37mcho:SD card ok
13:24:18.564 > [37me[37mcho:SD card ok
13:24:24.932 > [37me[37mcho:Now fresh file: /TestMix.g
13:24:24.936 > [37mF[37mile opened: TestMix.g Size: 118[37m7[37m8
13:24:24.938 > File selected
13:24:25.140 > [37m[37m
13:24:25.140 > ***ERROR*** A stack overflow i[37mn[37m task tiT has been detected.
13:24:25.142 > [37m
13:24:25.145 > [37m
13:24:25.145 > Backtrace: 0x40083fc1:0x3ffb5[37mc[37m80 0x4008eba9:0x3ffb5ca0 0x4009[37m2[37m289:0x3ffb5cc0 0x400907cd:0x3ff[37mb[37m5d40 0x4008ecb8:0x3ffb5d70 0x40[37m0[37m8ec68:0x00000001 |<-CORRUPTED
13:24:25.159 > [37m[37m
13:24:25.159 > 
13:24:25.159 > 
13:24:25.159 > 
13:24:25.159 > ELF file SHA256: 9445ad0[37m7[37m31fb6c31
13:24:25.160 > 
13:24:25.373 > [37mR[37mebooting...
13:24:25.376 > [37me[37mts Jun  8 2016 00:22:57
13:24:25.376 > 
13:24:25.376 > rst:[37m0[37mxc (SW_CPU_RESET),boot:0x1b (SP[37mI[37m_FAST_FLASH_BOOT)
13:24:25.382 > configsip: 0[37m,[37m SPIWP:0xee
13:24:25.384 > clk_drv:0x00,q_drv[37m:[37m0x00,d_drv:0x00,cs0_drv:0x00,hd[37m_[37mdrv:0x00,wp_drv:0x00
13:24:25.390 > mode:DIO,[37m [37mclock div:2
13:24:25.393 > load:0x3fff0030,le[37mn[37m:1184
13:24:25.396 > load:0x40078000,len:1319[37m2[37m
13:24:25.398 > load:0x40080400,len:3028
13:24:25.398 > ent[37mr[37my 0x400805e4
13:24:26.004 > [37ms[37mtart
13:24:26.030 > [37m [37mB[37mr[37mown out Reset
13:24:26.033 >  Watchdog Reset
13:24:26.033 > M[37ma[37mrlin 2.1.2
13:24:26.036 > echo: Last Updated: [37m2[37m022-12-17 | Author: (none, defa[37mu[37mlt config)
13:24:26.041 > echo: Compiled: Jan [37m1[37m2 2024
13:24:26.044 > echo: Free Memory: 22536[37m0[37m  PlannerBufferBytes: 1344
13:24:26.091 > [37me[37mcho:V87 stored settings retriev[37me[37md (870 bytes; crc 37517)
13:24:26.619 > [37me[37mcho:SD card ok
13:24:36.692 > [37me[37mcho:SD card ok
13:24:36.699 > [37me[37mcho:Setup wifi
13:24:36.837 > [37me[37mcho:Connecting
13:24:39.864 > [37me[37mcho:10.0.0.110
13:24:41.332 > [37me[37mcho:10.0.0.110
13:24:42.262 > [37m{[37m"myPanel":{"values":{"time":"20[37m2[37m4-01-12T13:24:42"}}}
