10:41:50.301 > [37me[37mts Jun  8 2016 00:22:57
10:41:50.302 > 
10:41:50.302 > rst:[37m0[37mx1 (POWERON_RESET),boot:0xb (HS[37mP[37mI_FLASH_BOOT)
10:41:50.307 > flash read err, [37m1[37m000
10:41:50.311 > ets_main.c 371 
10:41:50.639 > [37me[37mts Jun  8 2016 00:22:57
10:41:50.639 > 
10:41:50.639 > rst:[37m0[37mx10 (RTCWDT_RTC_RESET),boot:0xb[37m [37m(HSPI_FLASH_BOOT)
10:41:50.644 > flash read e[37mr[37mr, 1000
10:41:50.649 > ets_main.c 371 
10:41:50.976 > [37me[37mts Jun  8 2016 00:22:57
10:41:50.976 > 
10:41:50.976 > rst:[37m0[37mx10 (RTCWDT_RTC_RESET),boot:0xb[37m [37m(HSPI_FLASH_BOOT)
10:41:50.981 > flash read e[37mr[37mr, 1000
10:41:50.986 > ets_main.c 371 
10:41:51.313 > [37me[37mts Jun  8 2016 00:22:57
10:41:51.313 > 
10:41:51.313 > rst:[37m0[37mx10 (RTCWDT_RTC_RESET),boot:0xb[37m [37m(HSPI_FLASH_BOOT)
10:41:51.318 > flash read e[37mr[37mr, 1000
10:41:51.323 > ets_main.c 371 
10:41:51.651 > [37me[37mts Jun  8 2016 00:22:57
10:41:51.651 > 
10:41:51.651 > rst:[37m0[37mx10 (RTCWDT_RTC_RESET),boot:0xb[37m [37m(HSPI_FLASH_BOOT)
10:41:51.656 > flash read e[37mr[37mr, 1000
10:41:51.660 > ets_main.c 371 
10:41:51.988 > [37me[37mts Jun  8 2016 00:22:57
10:41:51.988 > 
10:41:51.988 > rst:[37m0[37mx10 (RTCWDT_RTC_RESET),boot:0xb[37m [37m(HSPI_FLASH_BOOT)
10:41:51.993 > flash read e[37mr[37mr, 1000
10:41:51.998 > ets_main.c 371 
10:41:52.325 > [37me[37mts Jun  8 2016 00:22:57
10:41:52.326 > 
10:41:52.326 > rst:[37m0[37mx10 (RTCWDT_RTC_RESET),boot:0xb[37m [37m(HSPI_FLASH_BOOT)
10:41:52.331 > flash read e[37mr[37mr, 1000
10:41:52.335 > ets_main.c 371 
10:41:52.663 > [37me[37mts Jun  8 2016 00:22:57
10:41:52.663 > 
10:41:52.663 > rst:[37m0[37mx10 (RTCWDT_RTC_RESET),boot:0xb[37m [37m(HSPI_FLASH_BOOT)
10:41:52.668 > flash read e[37mr[37mr, 1000
10:41:52.673 > ets_main.c 371 
10:41:53.000 > [37me[37mts Jun  8 2016 00:22:57
10:41:53.000 > 
10:41:53.000 > rst:[37m0[37mx10 (RTCWDT_RTC_RESET),boot:0xb[37m [37m(HSPI_FLASH_BOOT)
10:41:53.006 > flash read e[37mr[37mr, 1000
10:41:53.010 > ets_main.c 371 
10:41:53.337 > [37me[37mts Jun  8 2016 00:22:57
10:41:53.338 > 
10:41:53.338 > rst:[37m0[37mx10 (RTCWDT_RTC_RESET),boot:0xb[37m [37m(HSPI_FLASH_BOOT)
10:41:53.343 > flash read e[37mr[37mr, 1000
10:41:53.347 > ets_main.c 371 
10:41:53.675 > [37me[37mts Jun  8 2016 00:22:57
10:41:53.675 > 
10:41:53.675 > rst:[37m0[37mx10 (RTCWDT_RTC_RESET),boot:0xb[37m [37m(HSPI_FLASH_BOOT)
10:41:53.680 > flash read e[37mr[37mr, 1000
10:41:53.685 > ets_main.c 371 
10:41:54.012 > [37me[37mts Jun  8 2016 00:22:57
10:41:54.013 > 
10:41:54.013 > rst:[37m0[37mx10 (RTCWDT_RTC_RESET),boot:0xb[37m [37m(HSPI_FLASH_BOOT)
10:41:54.018 > flash read e[37mr[37mr, 1000
10:41:54.022 > ets_main.c 371 
10:41:54.350 > [37me[37mts Jun  8 2016 00:22:57
10:41:54.350 > 
10:41:54.350 > rst:[37m0[37mx10 (RTCWDT_RTC_RESET),boot:0xb[37m [37m(HSPI_FLASH_BOOT)
10:41:54.355 > flash read e[37mr[37mr, 1000
10:41:54.360 > ets_main.c 371 
10:41:54.688 > [37me[37mts Jun  8 2016 00:22:57
10:41:54.688 > 
10:41:54.688 > rst:[37m0[37mx10 (RTCWDT_RTC_RESET),boot:0xb[37m [37m(HSPI_FLASH_BOOT)
10:41:54.693 > flash read e[37mr[37mr, 1000
10:41:54.697 > ets_main.c 371 
10:41:55.025 > [37me[37mts Jun  8 2016 00:22:57
10:41:55.025 > 
10:41:55.025 > rst:[37m0[37mx10 (RTCWDT_RTC_RESET),boot:0xb[37m [37m(HSPI_FLASH_BOOT)
10:41:55.030 > flash read e[37mr[37mr, 1000
10:41:55.035 > ets_main.c 371 
10:41:55.362 > [37me[37mts Jun  8 2016 00:22:57
10:41:55.363 > 
10:41:55.363 > rst:[37m0[37mx10 (RTCWDT_RTC_RESET),boot:0xb[37m [37m(HSPI_FLASH_BOOT)
10:41:55.368 > flash read e[37mr[37mr, 1000
10:41:55.372 > ets_main.c 371 
10:41:55.700 > [37me[37mts Jun  8 2016 00:22:57
10:41:55.700 > 
10:41:55.700 > rst:[37m0[37mx10 (RTCWDT_RTC_RESET),boot:0xb[37m [37m(HSPI_FLASH_BOOT)
10:41:55.706 > flash read e[37mr[37mr, 1000
10:41:55.710 > ets_main.c 371 
10:41:56.038 > [37me[37mts Jun  8 2016 00:22:57
10:41:56.038 > 
10:41:56.038 > rst:[37m0[37mx10 (RTCWDT_RTC_RESET),boot:0xb[37m [37m(HSPI_FLASH_BOOT)
10:41:56.043 > flash read e[37mr[37mr, 1000
10:41:56.048 > ets_main.c 371 
10:41:56.375 > [37me[37mts Jun  8 2016 00:22:57
10:41:56.375 > 
10:41:56.375 > rst:[37m0[37mx10 (RTCWDT_RTC_RESET),boot:0xb[37m [37m(HSPI_FLASH_BOOT)
10:41:56.380 > flash read e[37mr[37mr, 1000
10:41:56.385 > ets_main.c 371 
10:41:56.713 > [37me[37mts Jun  8 2016 00:22:57
10:41:56.713 > 
10:41:56.713 > rst:[37m0[37mx10 (RTCWDT_RTC_RESET),boot:0xb[37m [37m(HSPI_FLASH_BOOT)
10:41:56.718 > flash read e[37mr[37mr, 1000
10:41:56.722 > ets_main.c 371 
10:41:57.050 > [37me[37mts Jun  8 2016 00:22:57
10:41:57.050 > 
10:41:57.050 > rst:[37m0[37mx10 (RTCWDT_RTC_RESET),boot:0xb[37m [37m(HSPI_FLASH_BOOT)
10:41:57.056 > flash read e[37mr[37mr, 1000
10:41:57.060 > ets_main.c 371 
10:41:57.387 > [37me[37mts Jun  8 2016 00:22:57
10:41:57.388 > 
10:41:57.388 > rst:[37m0[37mx10 (RTCWDT_RTC_RESET),boot:0xb[37m [37m(HSPI_FLASH_BOOT)
10:41:57.393 > flash read e[37mr[37mr, 1000
10:41:57.397 > ets_main.c 371 
10:41:57.725 > [37me[37mts Jun  8 2016 00:22:57
10:41:57.725 > 
10:41:57.725 > rst:[37m0[37mx10 (RTCWDT_RTC_RESET),boot:0xb[37m [37m(HSPI_FLASH_BOOT)
10:41:57.731 > flash read e[37mr[37mr, 1000
10:41:57.735 > ets_main.c 371 
10:41:58.062 > [37me[37mts Jun  8 2016 00:22:57
10:41:58.063 > 
10:41:58.063 > rst:[37m0[37mx10 (RTCWDT_RTC_RESET),boot:0xb[37m [37m(HSPI_FLASH_BOOT)
10:41:58.068 > flash read e[37mr[37mr, 1000
10:41:58.072 > ets_main.c 371 
10:41:58.400 > [37me[37mts Jun  8 2016 00:22:57
10:41:58.400 > 
10:41:58.400 > rst:[37m0[37mx10 (RTCWDT_RTC_RESET),boot:0xb[37m [37m(HSPI_FLASH_BOOT)
10:41:58.405 > flash read e[37mr[37mr, 1000
10:41:58.410 > ets_main.c 371 
10:41:58.737 > [37me[37mts Jun  8 2016 00:22:57
10:41:58.737 > 
10:41:58.737 > rst:[37m0[37mx10 (RTCWDT_RTC_RESET),boot:0xb[37m [37m(HSPI_FLASH_BOOT)
10:41:58.743 > flash read e[37mr[37mr, 1000
10:41:58.747 > ets_main.c 371 
10:41:59.075 > [37me[37mts Jun  8 2016 00:22:57
10:41:59.075 > 
10:41:59.075 > rst:[37m0[37mx10 (RTCWDT_RTC_RESET),boot:0xb[37m [37m(HSPI_FLASH_BOOT)
10:41:59.080 > flash read e[37mr[37mr, 1000
10:41:59.085 > ets_main.c 371 
10:41:59.413 > [37me[37mts Jun  8 2016 00:22:57
10:41:59.413 > 
10:41:59.413 > rst:[37m0[37mx10 (RTCWDT_RTC_RESET),boot:0xb[37m [37m(HSPI_FLASH_BOOT)
10:41:59.418 > flash read e[37mr[37mr, 1000
10:41:59.423 > ets_main.c 371 
10:41:59.750 > [37me[37mts Jun  8 2016 00:22:57
10:41:59.750 > 
10:41:59.750 > rst:[37m0[37mx10 (RTCWDT_RTC_RESET),boot:0xb[37m [37m(HSPI_FLASH_BOOT)
10:41:59.755 > flash read e[37mr[37mr, 1000
10:41:59.760 > ets_main.c 371 
10:42:00.087 > [37me[37mts Jun  8 2016 00:22:57
10:42:00.088 > 
10:42:00.088 > rst:[37m0[37mx10 (RTCWDT_RTC_RESET),boot:0xb[37m [37m(HSPI_FLASH_BOOT)
10:42:00.093 > flash read e[37mr[37mr, 1000
10:42:00.097 > ets_main.c 371 
10:42:00.425 > [37me[37mts Jun  8 2016 00:22:57
10:42:00.425 > 
10:42:00.425 > rst:[37m0[37mx10 (RTCWDT_RTC_RESET),boot:0xb[37m [37m(HSPI_FLASH_BOOT)
10:42:00.430 > flash read e[37mr[37mr, 1000
10:42:00.435 > ets_main.c 371 
10:42:00.762 > [37me[37mts Jun  8 2016 00:22:57
10:42:00.763 > 
10:42:00.763 > rst:[37m0[37mx10 (RTCWDT_RTC_RESET),boot:0xb[37m [37m(HSPI_FLASH_BOOT)
10:42:00.768 > flash read e[37mr[37mr, 1000
10:42:00.772 > ets_main.c 371 
10:42:01.100 > [37me[37mts Jun  8 2016 00:22:57
10:42:01.100 > 
10:42:01.100 > rst:[37m0[37mx10 (RTCWDT_RTC_RESET),boot:0xb[37m [37m(HSPI_FLASH_BOOT)
10:42:01.105 > flash read e[37mr[37mr, 1000
10:42:01.110 > ets_main.c 371 
10:42:01.437 > [37me[37mts Jun  8 2016 00:22:57
10:42:01.438 > 
10:42:01.438 > rst:[37m0[37mx10 (RTCWDT_RTC_RESET),boot:0xb[37m [37m(HSPI_FLASH_BOOT)
10:42:01.443 > flash read e[37mr[37mr, 1000
10:42:01.447 > ets_main.c 371 
10:42:01.775 > [37me[37mts Jun  8 2016 00:22:57
10:42:01.776 > 
10:42:01.776 > rst:[37m0[37mx10 (RTCWDT_RTC_RESET),boot:0xb[37m [37m(HSPI_FLASH_BOOT)
10:42:01.780 > flash read e[37mr[37mr, 1000
10:42:01.785 > ets_main.c 371 
10:42:02.113 > [37me[37mts Jun  8 2016 00:22:57
10:42:02.113 > 
10:42:02.113 > rst:[37m0[37mx10 (RTCWDT_RTC_RESET),boot:0xb[37m [37m(HSPI_FLASH_BOOT)
10:42:02.118 > flash read e[37mr[37mr, 1000
10:42:02.122 > ets_main.c 371 
10:42:02.450 > [37me[37mts Jun  8 2016 00:22:57
10:42:02.451 > 
10:42:02.451 > rst:[37m0[37mx10 (RTCWDT_RTC_RESET),boot:0xb[37m [37m(HSPI_FLASH_BOOT)
10:42:02.456 > flash read e[37mr[37mr, 1000
10:42:02.460 > ets_main.c 371 
10:42:02.788 > [37me[37mts Jun  8 2016 00:22:57
10:42:02.788 > 
10:42:02.788 > rst:[37m0[37mx10 (RTCWDT_RTC_RESET),boot:0xb[37m [37m(HSPI_FLASH_BOOT)
10:42:02.793 > flash read e[37mr[37mr, 1000
10:42:02.798 > ets_main.c 371 
10:42:03.125 > [37me[37mts Jun  8 2016 00:22:57
10:42:03.126 > 
10:42:03.126 > rst:[37m0[37mx10 (RTCWDT_RTC_RESET),boot:0xb[37m [37m(HSPI_FLASH_BOOT)
10:42:03.131 > flash read e[37mr[37mr, 1000
10:42:03.135 > ets_main.c 371 
10:42:03.463 > [37me[37mts Jun  8 2016 00:22:57
10:42:03.463 > 
10:42:03.463 > rst:[37m0[37mx10 (RTCWDT_RTC_RESET),boot:0xb[37m [37m(HSPI_FLASH_BOOT)
10:42:03.468 > flash read e[37mr[37mr, 1000
10:42:03.473 > ets_main.c 371 
10:42:03.800 > [37me[37mts Jun  8 2016 00:22:57
10:42:03.801 > 
10:42:03.801 > rst:[37m0[37mx10 (RTCWDT_RTC_RESET),boot:0xb[37m [37m(HSPI_FLASH_BOOT)
10:42:03.806 > flash read e[37mr[37mr, 1000
10:42:03.810 > ets_main.c 371 
10:42:04.138 > [37me[37mts Jun  8 2016 00:22:57
10:42:04.138 > 
10:42:04.138 > rst:[37m0[37mx10 (RTCWDT_RTC_RESET),boot:0xb[37m [37m(HSPI_FLASH_BOOT)
10:42:04.144 > flash read e[37mr[37mr, 1000
10:42:04.148 > ets_main.c 371 
10:42:04.476 > [37me[37mts Jun  8 2016 00:22:57
10:42:04.476 > 
10:42:04.476 > rst:[37m0[37mx10 (RTCWDT_RTC_RESET),boot:0xb[37m [37m(HSPI_FLASH_BOOT)
10:42:04.481 > flash read e[37mr[37mr, 1000
10:42:04.486 > ets_main.c 371 
10:42:04.813 > [37me[37mts Jun  8 2016 00:22:57
10:42:04.814 > 
10:42:04.814 > rst:[37m0[37mx10 (RTCWDT_RTC_RESET),boot:0xb[37m [37m(HSPI_FLASH_BOOT)
10:42:04.819 > flash read e[37mr[37mr, 1000
10:42:04.823 > ets_main.c 371 
10:42:05.151 > [37me[37mts Jun  8 2016 00:22:57
10:42:05.151 > 
10:42:05.151 > rst:[37m0[37mx10 (RTCWDT_RTC_RESET),boot:0xb[37m [37m(HSPI_FLASH_BOOT)
10:42:05.156 > flash read e[37mr[37mr, 1000
10:42:05.161 > ets_main.c 371 
10:42:05.489 > [37me[37mts Jun  8 2016 00:22:57
10:42:05.489 > 
10:42:05.489 > rst:[37m0[37mx10 (RTCWDT_RTC_RESET),boot:0xb[37m [37m(HSPI_FLASH_BOOT)
10:42:05.494 > flash read e[37mr[37mr, 1000
10:42:05.499 > ets_main.c 371 
10:42:05.826 > [37me[37mts Jun  8 2016 00:22:57
10:42:05.827 > 
10:42:05.827 > rst:[37m0[37mx10 (RTCWDT_RTC_RESET),boot:0xb[37m [37m(HSPI_FLASH_BOOT)
10:42:05.832 > flash read e[37mr[37mr, 1000
10:42:05.836 > ets_main.c 371 
10:42:06.164 > [37me[37mts Jun  8 2016 00:22:57
10:42:06.164 > 
10:42:06.164 > rst:[37m0[37mx10 (RTCWDT_RTC_RESET),boot:0xb[37m [37m(HSPI_FLASH_BOOT)
10:42:06.169 > flash read e[37mr[37mr, 1000
10:42:06.174 > ets_main.c 371 
10:42:06.501 > [37me[37mts Jun  8 2016 00:22:57
10:42:06.502 > 
10:42:06.502 > rst:[37m0[37mx10 (RTCWDT_RTC_RESET),boot:0xb[37m [37m(HSPI_FLASH_BOOT)
10:42:06.507 > flash read e[37mr[37mr, 1000
10:42:06.511 > ets_main.c 371 
10:42:06.839 > [37me[37mts Jun  8 2016 00:22:57
10:42:06.840 > 
10:42:06.840 > rst:[37m0[37mx10 (RTCWDT_RTC_RESET),boot:0xb[37m [37m(HSPI_FLASH_BOOT)
10:42:06.845 > flash read e[37mr[37mr, 1000
10:42:06.849 > ets_main.c 371 
10:42:07.177 > [37me[37mts Jun  8 2016 00:22:57
10:42:07.177 > 
10:42:07.177 > rst:[37m0[37mx10 (RTCWDT_RTC_RESET),boot:0xb[37m [37m(HSPI_FLASH_BOOT)
10:42:07.183 > flash read e[37mr[37mr, 1000
10:42:07.187 > ets_main.c 371 
10:42:07.515 > [37me[37mts Jun  8 2016 00:22:57
10:42:07.515 > 
10:42:07.515 > rst:[37m0[37mx10 (RTCWDT_RTC_RESET),boot:0xb[37m [37m(HSPI_FLASH_BOOT)
10:42:07.520 > flash read e[37mr[37mr, 1000
10:42:07.525 > ets_main.c 371 
10:42:07.852 > [37me[37mts Jun  8 2016 00:22:57
10:42:07.852 > 
10:42:07.852 > rst:[37m0[37mx10 (RTCWDT_RTC_RESET),boot:0xb[37m [37m(HSPI_FLASH_BOOT)
10:42:07.858 > flash read e[37mr[37mr, 1000
10:42:07.862 > ets_main.c 371 
10:42:08.190 > [37me[37mts Jun  8 2016 00:22:57
10:42:08.190 > 
10:42:08.190 > rst:[37m0[37mx10 (RTCWDT_RTC_RESET),boot:0xb[37m [37m(HSPI_FLASH_BOOT)
10:42:08.196 > flash read e[37mr[37mr, 1000
10:42:08.200 > ets_main.c 371 
10:42:08.528 > [37me[37mts Jun  8 2016 00:22:57
10:42:08.528 > 
10:42:08.528 > rst:[37m0[37mx10 (RTCWDT_RTC_RESET),boot:0xb[37m [37m(HSPI_FLASH_BOOT)
10:42:08.533 > flash read e[37mr[37mr, 1000
10:42:08.538 > ets_main.c 371 
10:42:08.866 > [37me[37mts Jun  8 2016 00:22:57
10:42:08.866 > 
10:42:08.866 > rst:[37m0[37mx10 (RTCWDT_RTC_RESET),boot:0xb[37m [37m(HSPI_FLASH_BOOT)
10:42:08.871 > flash read e[37mr[37mr, 1000
10:42:08.875 > ets_main.c 371 
10:42:09.204 > [37me[37mts Jun  8 2016 00:22:57
10:42:09.204 > 
10:42:09.204 > rst:[37m0[37mx10 (RTCWDT_RTC_RESET),boot:0xb[37m [37m(HSPI_FLASH_BOOT)
10:42:09.209 > flash read e[37mr[37mr, 1000
10:42:09.213 > ets_main.c 371 
10:42:09.541 > [37me[37mts Jun  8 2016 00:22:57
10:42:09.542 > 
10:42:09.542 > rst:[37m0[37mx10 (RTCWDT_RTC_RESET),boot:0xb[37m [37m(HSPI_FLASH_BOOT)
10:42:09.547 > flash read e[37mr[37mr, 1000
10:42:09.551 > ets_main.c 371 
10:42:09.879 > [37me[37mts Jun  8 2016 00:22:57
10:42:09.880 > 
10:42:09.880 > rst:[37m0[37mx10 (RTCWDT_RTC_RESET),boot:0xb[37m [37m(HSPI_FLASH_BOOT)
10:42:09.885 > flash read e[37mr[37mr, 1000
10:42:09.889 > ets_main.c 371 
10:42:10.217 > [37me[37mts Jun  8 2016 00:22:57
10:42:10.217 > 
10:42:10.217 > rst:[37m0[37mx10 (RTCWDT_RTC_RESET),boot:0xb[37m [37m(HSPI_FLASH_BOOT)
10:42:10.222 > flash read e[37mr[37mr, 1000
10:42:10.227 > ets_main.c 371 
10:42:10.555 > [37me[37mts Jun  8 2016 00:22:57
10:42:10.555 > 
10:42:10.555 > rst:[37m0[37mx10 (RTCWDT_RTC_RESET),boot:0xb[37m [37m(HSPI_FLASH_BOOT)
10:42:10.560 > flash read e[37mr[37mr, 1000
10:42:10.565 > ets_main.c 371 
10:42:12.289 > [37me[37mts Jun  8 2016 00:22:57
10:42:12.289 > 
10:42:12.289 > rst:[37m0[37mx1 (POWERON_RESET),boot:0xb (HS[37mP[37mI_FLASH_BOOT)
10:42:12.295 > flash read err, [37m1[37m000
10:42:12.299 > ets_main.c 371 
10:42:12.627 > [37me[37mts Jun  8 2016 00:22:57
10:42:12.627 > 
10:42:12.627 > rst:[37m0[37mx10 (RTCWDT_RTC_RESET),boot:0xb[37m [37m(HSPI_FLASH_BOOT)
10:42:12.632 > flash read e[37mr[37mr, 1000
10:42:12.637 > ets_main.c 371 
10:42:12.964 > [37me[37mts Jun  8 2016 00:22:57
10:42:12.964 > 
10:42:12.964 > rst:[37m0[37mx10 (RTCWDT_RTC_RESET),boot:0xb[37m [37m(HSPI_FLASH_BOOT)
10:42:12.970 > flash read e[37mr[37mr, 1000
10:42:12.974 > ets_main.c 371 
10:42:13.302 > [37me[37mts Jun  8 2016 00:22:57
10:42:13.302 > 
10:42:13.302 > rst:[37m0[37mx10 (RTCWDT_RTC_RESET),boot:0xb[37m [37m(HSPI_FLASH_BOOT)
10:42:13.307 > flash read e[37mr[37mr, 1000
10:42:13.312 > ets_main.c 371 
10:42:13.639 > [37me[37mts Jun  8 2016 00:22:57
10:42:13.640 > 
10:42:13.640 > rst:[37m0[37mx10 (RTCWDT_RTC_RESET),boot:0xb[37m [37m(HSPI_FLASH_BOOT)
10:42:13.646 > flash read e[37mr[37mr, 1000
10:42:13.649 > ets_main.c 371 
10:42:13.977 > [37me[37mts Jun  8 2016 00:22:57
10:42:13.977 > 
10:42:13.977 > rst:[37m0[37mx10 (RTCWDT_RTC_RESET),boot:0xb[37m [37m(HSPI_FLASH_BOOT)
10:42:13.982 > flash read e[37mr[37mr, 1000
10:42:13.987 > ets_main.c 371 
10:42:14.315 > [37me[37mts Jun  8 2016 00:22:57
10:42:14.315 > 
10:42:14.315 > rst:[37m0[37mx10 (RTCWDT_RTC_RESET),boot:0xb[37m [37m(HSPI_FLASH_BOOT)
10:42:14.321 > flash read e[37mr[37mr, 1000
10:42:14.325 > ets_main.c 371 
10:42:14.653 > [37me[37mts Jun  8 2016 00:22:57
10:42:14.653 > 
10:42:14.653 > rst:[37m0[37mx10 (RTCWDT_RTC_RESET),boot:0xb[37m [37m(HSPI_FLASH_BOOT)
10:42:14.658 > flash read e[37mr[37mr, 1000
10:42:14.662 > ets_main.c 371 
10:42:14.990 > [37me[37mts Jun  8 2016 00:22:57
10:42:14.990 > 
10:42:14.990 > rst:[37m0[37mx10 (RTCWDT_RTC_RESET),boot:0xb[37m [37m(HSPI_FLASH_BOOT)
10:42:14.996 > flash read e[37mr[37mr, 1000
10:42:15.000 > ets_main.c 371 
10:42:15.328 > [37me[37mts Jun  8 2016 00:22:57
10:42:15.328 > 
10:42:15.328 > rst:[37m0[37mx10 (RTCWDT_RTC_RESET),boot:0xb[37m [37m(HSPI_FLASH_BOOT)
10:42:15.334 > flash read e[37mr[37mr, 1000
10:42:15.338 > ets_main.c 371 
10:42:15.666 > [37me[37mts Jun  8 2016 00:22:57
10:42:15.666 > 
10:42:15.666 > rst:[37m0[37mx10 (RTCWDT_RTC_RESET),boot:0xb[37m [37m(HSPI_FLASH_BOOT)
10:42:15.672 > flash read e[37mr[37mr, 1000
10:42:15.676 > ets_main.c 371 
10:42:16.004 > [37me[37mts Jun  8 2016 00:22:57
10:42:16.004 > 
10:42:16.004 > rst:[37m0[37mx10 (RTCWDT_RTC_RESET),boot:0xb[37m [37m(HSPI_FLASH_BOOT)
10:42:16.009 > flash read e[37mr[37mr, 1000
10:42:16.014 > ets_main.c 371 
10:42:16.341 > [37me[37mts Jun  8 2016 00:22:57
10:42:16.341 > 
10:42:16.341 > rst:[37m0[37mx10 (RTCWDT_RTC_RESET),boot:0xb[37m [37m(HSPI_FLASH_BOOT)
10:42:16.347 > flash read e[37mr[37mr, 1000
10:42:16.351 > ets_main.c 371 
10:42:16.679 > [37me[37mts Jun  8 2016 00:22:57
10:42:16.680 > 
10:42:16.680 > rst:[37m0[37mx10 (RTCWDT_RTC_RESET),boot:0xb[37m [37m(HSPI_FLASH_BOOT)
10:42:16.685 > flash read e[37mr[37mr, 1000
10:42:16.689 > ets_main.c 371 
10:42:17.017 > [37me[37mts Jun  8 2016 00:22:57
10:42:17.017 > 
10:42:17.017 > rst:[37m0[37mx10 (RTCWDT_RTC_RESET),boot:0xb[37m [37m(HSPI_FLASH_BOOT)
10:42:17.022 > flash read e[37mr[37mr, 1000
10:42:17.027 > ets_main.c 371 
10:42:17.355 > [37me[37mts Jun  8 2016 00:22:57
10:42:17.355 > 
10:42:17.355 > rst:[37m0[37mx10 (RTCWDT_RTC_RESET),boot:0xb[37m [37m(HSPI_FLASH_BOOT)
10:42:17.360 > flash read e[37mr[37mr, 1000
10:42:17.365 > ets_main.c 371 
10:42:17.693 > [37me[37mts Jun  8 2016 00:22:57
10:42:17.693 > 
10:42:17.693 > rst:[37m0[37mx10 (RTCWDT_RTC_RESET),boot:0xb[37m [37m(HSPI_FLASH_BOOT)
10:42:17.698 > flash read e[37mr[37mr, 1000
10:42:17.702 > ets_main.c 371 
10:42:18.030 > [37me[37mts Jun  8 2016 00:22:57
10:42:18.031 > 
10:42:18.031 > rst:[37m0[37mx10 (RTCWDT_RTC_RESET),boot:0xb[37m [37m(HSPI_FLASH_BOOT)
10:42:18.036 > flash read e[37mr[37mr, 1000
10:42:18.040 > ets_main.c 371 
10:42:18.368 > [37me[37mts Jun  8 2016 00:22:57
10:42:18.369 > 
10:42:18.369 > rst:[37m0[37mx10 (RTCWDT_RTC_RESET),boot:0xb[37m [37m(HSPI_FLASH_BOOT)
10:42:18.374 > flash read e[37mr[37mr, 1000
10:42:18.378 > ets_main.c 371 
10:42:18.706 > [37me[37mts Jun  8 2016 00:22:57
10:42:18.707 > 
10:42:18.707 > rst:[37m0[37mx10 (RTCWDT_RTC_RESET),boot:0xb[37m [37m(HSPI_FLASH_BOOT)
10:42:18.712 > flash read e[37mr[37mr, 1000
10:42:18.716 > ets_main.c 371 
10:42:19.044 > [37me[37mts Jun  8 2016 00:22:57
10:42:19.044 > 
10:42:19.044 > rst:[37m0[37mx10 (RTCWDT_RTC_RESET),boot:0xb[37m [37m(HSPI_FLASH_BOOT)
10:42:19.050 > flash read e[37mr[37mr, 1000
10:42:19.054 > ets_main.c 371 
10:42:19.382 > [37me[37mts Jun  8 2016 00:22:57
10:42:19.382 > 
10:42:19.382 > rst:[37m0[37mx10 (RTCWDT_RTC_RESET),boot:0xb[37m [37m(HSPI_FLASH_BOOT)
10:42:19.388 > flash read e[37mr[37mr, 1000
10:42:19.392 > ets_main.c 371 
10:42:19.720 > [37me[37mts Jun  8 2016 00:22:57
10:42:19.720 > 
10:42:19.720 > rst:[37m0[37mx10 (RTCWDT_RTC_RESET),boot:0xb[37m [37m(HSPI_FLASH_BOOT)
10:42:19.726 > flash read e[37mr[37mr, 1000
10:42:19.730 > ets_main.c 371 
10:42:20.058 > [37me[37mts Jun  8 2016 00:22:57
10:42:20.058 > 
10:42:20.058 > rst:[37m0[37mx10 (RTCWDT_RTC_RESET),boot:0xb[37m [37m(HSPI_FLASH_BOOT)
10:42:20.063 > flash read e[37mr[37mr, 1000
10:42:20.068 > ets_main.c 371 
10:42:20.396 > [37me[37mts Jun  8 2016 00:22:57
10:42:20.396 > 
10:42:20.396 > rst:[37m0[37mx10 (RTCWDT_RTC_RESET),boot:0xb[37m [37m(HSPI_FLASH_BOOT)
10:42:20.401 > flash read e[37mr[37mr, 1000
10:42:20.406 > ets_main.c 371 
10:42:20.734 > [37me[37mts Jun  8 2016 00:22:57
10:42:20.734 > 
10:42:20.734 > rst:[37m0[37mx10 (RTCWDT_RTC_RESET),boot:0xb[37m [37m(HSPI_FLASH_BOOT)
10:42:20.739 > flash read e[37mr[37mr, 1000
10:42:20.744 > ets_main.c 371 
10:42:21.071 > [37me[37mts Jun  8 2016 00:22:57
10:42:21.072 > 
10:42:21.072 > rst:[37m0[37mx10 (RTCWDT_RTC_RESET),boot:0xb[37m [37m(HSPI_FLASH_BOOT)
10:42:21.077 > flash read e[37mr[37mr, 1000
10:42:21.081 > ets_main.c 371 
10:42:21.409 > [37me[37mts Jun  8 2016 00:22:57
10:42:21.410 > 
10:42:21.410 > rst:[37m0[37mx10 (RTCWDT_RTC_RESET),boot:0xb[37m [37m(HSPI_FLASH_BOOT)
10:42:21.415 > flash read e[37mr[37mr, 1000
10:42:21.419 > ets_main.c 371 
10:42:21.747 > [37me[37mts Jun  8 2016 00:22:57
10:42:21.748 > 
10:42:21.748 > rst:[37m0[37mx10 (RTCWDT_RTC_RESET),boot:0xb[37m [37m(HSPI_FLASH_BOOT)
10:42:21.753 > flash read e[37mr[37mr, 1000
10:42:21.757 > ets_main.c 371 
10:42:22.085 > [37me[37mts Jun  8 2016 00:22:57
10:42:22.086 > 
10:42:22.086 > rst:[37m0[37mx10 (RTCWDT_RTC_RESET),boot:0xb[37m [37m(HSPI_FLASH_BOOT)
10:42:22.091 > flash read e[37mr[37mr, 1000
10:42:22.095 > ets_main.c 371 
10:42:22.423 > [37me[37mts Jun  8 2016 00:22:57
10:42:22.423 > 
10:42:22.423 > rst:[37m0[37mx10 (RTCWDT_RTC_RESET),boot:0xb[37m [37m(HSPI_FLASH_BOOT)
10:42:22.429 > flash read e[37mr[37mr, 1000
10:42:22.433 > ets_main.c 371 
10:42:22.761 > [37me[37mts Jun  8 2016 00:22:57
10:42:22.761 > 
10:42:22.761 > rst:[37m0[37mx10 (RTCWDT_RTC_RESET),boot:0xb[37m [37m(HSPI_FLASH_BOOT)
10:42:22.766 > flash read e[37mr[37mr, 1000
10:42:22.771 > ets_main.c 371 
10:42:23.099 > [37me[37mts Jun  8 2016 00:22:57
10:42:23.099 > 
10:42:23.099 > rst:[37m0[37mx10 (RTCWDT_RTC_RESET),boot:0xb[37m [37m(HSPI_FLASH_BOOT)
10:42:23.104 > flash read e[37mr[37mr, 1000
10:42:23.109 > ets_main.c 371 
10:42:23.437 > [37me[37mts Jun  8 2016 00:22:57
10:42:23.437 > 
10:42:23.437 > rst:[37m0[37mx10 (RTCWDT_RTC_RESET),boot:0xb[37m [37m(HSPI_FLASH_BOOT)
10:42:23.442 > flash read e[37mr[37mr, 1000
10:42:23.446 > ets_main.c 371 
10:42:23.775 > [37me[37mts Jun  8 2016 00:22:57
10:42:23.775 > 
10:42:23.775 > rst:[37m0[37mx10 (RTCWDT_RTC_RESET),boot:0xb[37m [37m(HSPI_FLASH_BOOT)
10:42:23.780 > flash read e[37mr[37mr, 1000
10:42:23.785 > ets_main.c 371 
10:42:24.112 > [37me[37mts Jun  8 2016 00:22:57
10:42:24.113 > 
10:42:24.113 > rst:[37m0[37mx10 (RTCWDT_RTC_RESET),boot:0xb[37m [37m(HSPI_FLASH_BOOT)
10:42:24.118 > flash read e[37mr[37mr, 1000
10:42:24.122 > ets_main.c 371 
10:42:24.450 > [37me[37mts Jun  8 2016 00:22:57
10:42:24.450 > 
10:42:24.450 > rst:[37m0[37mx10 (RTCWDT_RTC_RESET),boot:0xb[37m [37m(HSPI_FLASH_BOOT)
10:42:24.456 > flash read e[37mr[37mr, 1000
10:42:24.460 > ets_main.c 371 
10:42:24.788 > [37me[37mts Jun  8 2016 00:22:57
10:42:24.789 > 
10:42:24.789 > rst:[37m0[37mx10 (RTCWDT_RTC_RESET),boot:0xb[37m [37m(HSPI_FLASH_BOOT)
10:42:24.794 > flash read e[37mr[37mr, 1000
10:42:24.798 > ets_main.c 371 
10:42:25.126 > [37me[37mts Jun  8 2016 00:22:57
10:42:25.127 > 
10:42:25.127 > rst:[37m0[37mx10 (RTCWDT_RTC_RESET),boot:0xb[37m [37m(HSPI_FLASH_BOOT)
10:42:25.131 > flash read e[37mr[37mr, 1000
10:42:25.136 > ets_main.c 371 
10:42:25.464 > [37me[37mts Jun  8 2016 00:22:57
10:42:25.464 > 
10:42:25.464 > rst:[37m0[37mx10 (RTCWDT_RTC_RESET),boot:0xb[37m [37m(HSPI_FLASH_BOOT)
10:42:25.470 > flash read e[37mr[37mr, 1000
10:42:25.474 > ets_main.c 371 
10:42:25.802 > [37me[37mts Jun  8 2016 00:22:57
10:42:25.802 > 
10:42:25.802 > rst:[37m0[37mx10 (RTCWDT_RTC_RESET),boot:0xb[37m [37m(HSPI_FLASH_BOOT)
10:42:25.808 > flash read e[37mr[37mr, 1000
10:42:25.812 > ets_main.c 371 
10:42:26.140 > [37me[37mts Jun  8 2016 00:22:57
10:42:26.140 > 
10:42:26.140 > rst:[37m0[37mx10 (RTCWDT_RTC_RESET),boot:0xb[37m [37m(HSPI_FLASH_BOOT)
10:42:26.147 > flash read e[37mr[37mr, 1000
10:42:26.150 > ets_main.c 371 
10:42:26.478 > [37me[37mts Jun  8 2016 00:22:57
10:42:26.478 > 
10:42:26.478 > rst:[37m0[37mx10 (RTCWDT_RTC_RESET),boot:0xb[37m [37m(HSPI_FLASH_BOOT)
10:42:26.483 > flash read e[37mr[37mr, 1000
10:42:26.487 > ets_main.c 371 
10:42:26.816 > [37me[37mts Jun  8 2016 00:22:57
10:42:26.816 > 
10:42:26.816 > rst:[37m0[37mx10 (RTCWDT_RTC_RESET),boot:0xb[37m [37m(HSPI_FLASH_BOOT)
10:42:26.821 > flash read e[37mr[37mr, 1000
10:42:26.826 > ets_main.c 371 
10:42:27.154 > [37me[37mts Jun  8 2016 00:22:57
10:42:27.154 > 
10:42:27.154 > rst:[37m0[37mx10 (RTCWDT_RTC_RESET),boot:0xb[37m [37m(HSPI_FLASH_BOOT)
10:42:27.159 > flash read e[37mr[37mr, 1000
10:42:27.164 > ets_main.c 371 
10:42:27.492 > [37me[37mts Jun  8 2016 00:22:57
10:42:27.492 > 
10:42:27.492 > rst:[37m0[37mx10 (RTCWDT_RTC_RESET),boot:0xb[37m [37m(HSPI_FLASH_BOOT)
10:42:27.497 > flash read e[37mr[37mr, 1000
10:42:27.501 > ets_main.c 371 
10:42:27.830 > [37me[37mts Jun  8 2016 00:22:57
10:42:27.830 > 
10:42:27.830 > rst:[37m0[37mx10 (RTCWDT_RTC_RESET),boot:0xb[37m [37m(HSPI_FLASH_BOOT)
10:42:27.835 > flash read e[37mr[37mr, 1000
10:42:27.840 > ets_main.c 371 
10:42:28.168 > [37me[37mts Jun  8 2016 00:22:57
10:42:28.168 > 
10:42:28.168 > rst:[37m0[37mx10 (RTCWDT_RTC_RESET),boot:0xb[37m [37m(HSPI_FLASH_BOOT)
10:42:28.173 > flash read e[37mr[37mr, 1000
10:42:28.177 > ets_main.c 371 
10:42:28.505 > [37me[37mts Jun  8 2016 00:22:57
10:42:28.506 > 
10:42:28.506 > rst:[37m0[37mx10 (RTCWDT_RTC_RESET),boot:0xb[37m [37m(HSPI_FLASH_BOOT)
10:42:28.511 > flash read e[37mr[37mr, 1000
10:42:28.515 > ets_main.c 371 
10:42:28.843 > [37me[37mts Jun  8 2016 00:22:57
10:42:28.844 > 
10:42:28.844 > rst:[37m0[37mx10 (RTCWDT_RTC_RESET),boot:0xb[37m [37m(HSPI_FLASH_BOOT)
10:42:28.849 > flash read e[37mr[37mr, 1000
10:42:28.853 > ets_main.c 371 
10:42:29.181 > [37me[37mts Jun  8 2016 00:22:57
10:42:29.181 > 
10:42:29.181 > rst:[37m0[37mx10 (RTCWDT_RTC_RESET),boot:0xb[37m [37m(HSPI_FLASH_BOOT)
10:42:29.187 > flash read e[37mr[37mr, 1000
10:42:29.191 > ets_main.c 371 
10:42:29.519 > [37me[37mts Jun  8 2016 00:22:57
10:42:29.520 > 
10:42:29.520 > rst:[37m0[37mx10 (RTCWDT_RTC_RESET),boot:0xb[37m [37m(HSPI_FLASH_BOOT)
10:42:29.525 > flash read e[37mr[37mr, 1000
10:42:29.529 > ets_main.c 371 
10:42:29.857 > [37me[37mts Jun  8 2016 00:22:57
10:42:29.858 > 
10:42:29.858 > rst:[37m0[37mx10 (RTCWDT_RTC_RESET),boot:0xb[37m [37m(HSPI_FLASH_BOOT)
10:42:29.863 > flash read e[37mr[37mr, 1000
10:42:29.867 > ets_main.c 371 
10:42:30.195 > [37me[37mts Jun  8 2016 00:22:57
10:42:30.196 > 
10:42:30.196 > rst:[37m0[37mx10 (RTCWDT_RTC_RESET),boot:0xb[37m [37m(HSPI_FLASH_BOOT)
10:42:30.201 > flash read e[37mr[37mr, 1000
10:42:30.205 > ets_main.c 371 
10:42:30.533 > [37me[37mts Jun  8 2016 00:22:57
10:42:30.534 > 
10:42:30.534 > rst:[37m0[37mx10 (RTCWDT_RTC_RESET),boot:0xb[37m [37m(HSPI_FLASH_BOOT)
10:42:30.539 > flash read e[37mr[37mr, 1000
10:42:30.543 > ets_main.c 371 
10:42:30.871 > [37me[37mts Jun  8 2016 00:22:57
10:42:30.872 > 
10:42:30.872 > rst:[37m0[37mx10 (RTCWDT_RTC_RESET),boot:0xb[37m [37m(HSPI_FLASH_BOOT)
10:42:30.877 > flash read e[37mr[37mr, 1000
10:42:30.881 > ets_main.c 371 
10:42:31.209 > [37me[37mts Jun  8 2016 00:22:57
10:42:31.210 > 
10:42:31.210 > rst:[37m0[37mx10 (RTCWDT_RTC_RESET),boot:0xb[37m [37m(HSPI_FLASH_BOOT)
10:42:31.215 > flash read e[37mr[37mr, 1000
10:42:31.219 > ets_main.c 371 
10:42:31.547 > [37me[37mts Jun  8 2016 00:22:57
10:42:31.548 > 
10:42:31.548 > rst:[37m0[37mx10 (RTCWDT_RTC_RESET),boot:0xb[37m [37m(HSPI_FLASH_BOOT)
10:42:31.553 > flash read e[37mr[37mr, 1000
10:42:31.557 > ets_main.c 371 
10:42:31.885 > [37me[37mts Jun  8 2016 00:22:57
10:42:31.886 > 
10:42:31.886 > rst:[37m0[37mx10 (RTCWDT_RTC_RESET),boot:0xb[37m [37m(HSPI_FLASH_BOOT)
10:42:31.891 > flash read e[37mr[37mr, 1000
10:42:31.895 > ets_main.c 371 
10:42:32.223 > [37me[37mts Jun  8 2016 00:22:57
10:42:32.224 > 
10:42:32.224 > rst:[37m0[37mx10 (RTCWDT_RTC_RESET),boot:0xb[37m [37m(HSPI_FLASH_BOOT)
10:42:32.229 > flash read e[37mr[37mr, 1000
10:42:32.233 > ets_main.c 371 
10:42:32.561 > [37me[37mts Jun  8 2016 00:22:57
10:42:32.562 > 
10:42:32.562 > rst:[37m0[37mx10 (RTCWDT_RTC_RESET),boot:0xb[37m [37m(HSPI_FLASH_BOOT)
10:42:32.567 > flash read e[37mr[37mr, 1000
10:42:32.571 > ets_main.c 371 
10:42:32.899 > [37me[37mts Jun  8 2016 00:22:57
10:42:32.900 > 
10:42:32.900 > rst:[37m0[37mx10 (RTCWDT_RTC_RESET),boot:0xb[37m [37m(HSPI_FLASH_BOOT)
10:42:32.905 > flash read e[37mr[37mr, 1000
10:42:32.909 > ets_main.c 371 
10:42:33.237 > [37me[37mts Jun  8 2016 00:22:57
10:42:33.238 > 
10:42:33.238 > rst:[37m0[37mx10 (RTCWDT_RTC_RESET),boot:0xb[37m [37m(HSPI_FLASH_BOOT)
10:42:33.243 > flash read e[37mr[37mr, 1000
10:42:33.247 > ets_main.c 371 
10:42:33.575 > [37me[37mts Jun  8 2016 00:22:57
10:42:33.576 > 
10:42:33.576 > rst:[37m0[37mx10 (RTCWDT_RTC_RESET),boot:0xb[37m [37m(HSPI_FLASH_BOOT)
10:42:33.581 > flash read e[37mr[37mr, 1000
10:42:33.585 > ets_main.c 371 
10:42:33.913 > [37me[37mts Jun  8 2016 00:22:57
10:42:33.914 > 
10:42:33.914 > rst:[37m0[37mx10 (RTCWDT_RTC_RESET),boot:0xb[37m [37m(HSPI_FLASH_BOOT)
10:42:33.919 > flash read e[37mr[37mr, 1000
10:42:33.923 > ets_main.c 371 
10:42:34.252 > [37me[37mts Jun  8 2016 00:22:57
10:42:34.252 > 
10:42:34.252 > rst:[37m0[37mx10 (RTCWDT_RTC_RESET),boot:0xb[37m [37m(HSPI_FLASH_BOOT)
10:42:34.257 > flash read e[37mr[37mr, 1000
10:42:34.261 > ets_main.c 371 
10:42:34.589 > [37me[37mts Jun  8 2016 00:22:57
10:42:34.590 > 
10:42:34.590 > rst:[37m0[37mx10 (RTCWDT_RTC_RESET),boot:0xb[37m [37m(HSPI_FLASH_BOOT)
10:42:34.595 > flash read e[37mr[37mr, 1000
10:42:34.600 > ets_main.c 371 
10:42:34.927 > [37me[37mts Jun  8 2016 00:22:57
10:42:34.928 > 
10:42:34.928 > rst:[37m0[37mx10 (RTCWDT_RTC_RESET),boot:0xb[37m [37m(HSPI_FLASH_BOOT)
10:42:34.933 > flash read e[37mr[37mr, 1000
10:42:34.937 > ets_main.c 371 
