13:45:28.736 > [37m [37mExternal Reset
13:45:28.736 >  Brown out Reset[37m
13:45:28.738 > [37m Watchdog Reset
13:45:28.738 > Marlin 2.1.2
13:45:28.738 > ec[37mh[37mo: Last Updated: 2022-12-17 | A[37mu[37mthor: (none, default config)
13:45:28.744 > ec[37mh[37mo: Compiled: Jan 12 2024
13:45:28.747 > echo: [37mF[37mree Memory: 225352  PlannerBuff[37me[37mrBytes: 1344
13:45:28.772 > [37me[37mcho:Hardcoded Default Settings [37mL[37moaded
13:45:28.792 > [37me[37mch[37mo[37m:Settings Stored (870 bytes; cr[37mc[37m 37517)
13:45:29.018 > [37me[37mcho:EEP[37mR[37mOM Initialized
13:45:29.552 > [37me[37mcho:SD card ok
13:45:39.614 > [37me[37mcho:SD card ok
13:45:39.622 > [37me[37mcho:Setup wifi
13:45:39.756 > [37me[37mcho:Connecting
13:45:42.783 > [37me[37mcho:10.0.0.110
13:45:43.504 > [37m{[37m"myPanel":{"values":{"time":"20[37m2[37m4-01-12T13:45:43"}}}
13:45:44.253 > [37me[37mcho:10.0.0.110
13:45:50.808 > [37me[37mcho:Now fresh file: /TestMix.g
13:45:50.812 > [37mF[37mile opened: TestMix.g Size: 118[37m7[37m8
13:45:50.814 > File selected
13:45:51.086 > [37m[37m
13:45:51.086 > ***ERROR*** A stack overflow i[37mn[37m task tiT has been detected.
13:45:51.088 > [37m
13:45:51.091 > [37m
13:45:51.091 > Backtrace: 0x40083fc1:0x3ffb5[37mc[37m80 0x4008eba9:0x3ffb5ca0 0x4009[37m2[37m289:0x3ffb5cc0 0x400907cd:0x3ff[37mb[37m5d40 0x4008ecb8:0x3ffb5d70 0x40[37m0[37m8ec68:0x00000001 |<-CORRUPTED
13:45:51.105 > [37m[37m
13:45:51.105 > 
13:45:51.105 > 
13:45:51.105 > 
13:45:51.105 > ELF file SHA256: 164b919[37m7[37m432aadfc
13:45:51.106 > 
13:45:51.271 > [37mR[37mebooting...
13:45:51.274 > [37me[37mts Jun  8 2016 00:22:57
13:45:51.274 > 
13:45:51.274 > rst:[37m0[37mxc (SW_CPU_RESET),boot:0x1b (SP[37mI[37m_FAST_FLASH_BOOT)
13:45:51.280 > configsip: 0[37m,[37m SPIWP:0xee
13:45:51.282 > clk_drv:0x00,q_drv[37m:[37m0x00,d_drv:0x00,cs0_drv:0x00,hd[37m_[37mdrv:0x00,wp_drv:0x00
13:45:51.288 > mode:DIO,[37m [37mclock div:2
13:45:51.291 > load:0x3fff0030,le[37mn[37m:1184
13:45:51.293 > load:0x40078000,len:1319[37m2[37m
13:45:51.296 > load:0x40080400,len:3028
13:45:51.296 > ent[37mr[37my 0x400805e4
13:45:51.900 > [37ms[37mtart
13:45:51.926 > [37m [37mB[37mrown out Reset
13:45:51.929 >  Watchdog Reset
13:45:51.932 > [37mM[37marlin 2.1.2
13:45:51.932 > echo: Last Updated:[37m [37m2022-12-17 | Author: (none, def[37ma[37mult config)
13:45:51.937 > echo: Compiled: Jan[37m [37m12 2024
13:45:51.940 > echo: Free Memory: 2253[37m6[37m0  PlannerBufferBytes: 1344
13:45:51.987 > [37me[37mcho:V87 stored settings retriev[37me[37md (870 bytes; crc 37517)
13:45:52.515 > [37me[37mcho:SD card ok
13:46:02.578 > [37me[37mcho:SD card ok
13:46:02.585 > [37me[37mcho:Setup wifi
13:46:02.722 > [37me[37mcho:Connecting
13:46:05.750 > [37me[37mcho:10.0.0.110
13:46:07.227 > [37me[37mcho:10.0.0.110
13:46:10.775 > [37m{[37m"myPanel":{"values":{"time":"20[37m2[37m4-01-12T13:46:10"}}}
13:50:53.798 > [37me[37mcho:SD card ok
13:51:08.156 > [37me[37mcho:SD card ok
13:51:08.280 > [37me[37mcho:SD card ok
13:51:15.876 > [37me[37mcho:Now fresh file: /TestMix.g
13:51:15.880 > [37mF[37mile opened: TestMix.g Size: 118[37m8[37m1
13:51:15.882 > File selected
13:51:15.983 > [37mG[37muru Meditation Error: Core  1 p[37ma[37mnic'ed (Unhandled debug excepti[37mo[37mn). 
13:51:15.989 > Debug exception reason: S[37mt[37mack canary watchpoint triggered[37m [37m(StepperTask) 
13:51:15.994 > Core  1 registe[37mr[37m dump:
13:51:15.997 > PC      : 0x400d767e  P[37mS[37m      : 0x00060e36  A0      : 0[37mx[37m800dfcf4  A1      : 0x3ffd3280 [37m [37m
13:51:16.005 > A2      : 0x00006849  A3     [37m [37m: 0xffffffff  A4      : 0x3ffc5[37m6[37mf4  A5      : 0x00000000  
13:51:16.011 > A6 [37m [37m    : 0x00000018  A7      : 0x0[37m0[37m000001  A8      : 0x3ffd0c60  A[37m9[37m      : 0x3ffcfc44  
13:51:16.019 > A10     :[37m [37m0x3ffc56f8  A11     : 0x0000060[37m0[37m  A12     : 0x3ffc56f4  A13    [37m [37m: 0x00000000  
13:51:16.027 > A14     : 0x000[37m0[37m0018  A15     : 0x00000001  SAR[37m [37m    : 0x00000013  EXCCAUSE: 0x0[37m0[37m000001  
13:51:16.036 > EXCVADDR: 0x00000000 [37m [37mLBEG    : 0x400d7644  LEND    :[37m [37m0x400d7668  LCOUNT  : 0x0000000[37m0[37m  
13:51:16.044 > 
13:51:16.044 > 
13:51:16.044 > Backtrace: 0x400d767b:0[37mx[37m3ffd3280 0x400dfcf1:0x3ffd32a0 [37m0[37mx400d76c0:0x3ffd32d0
13:51:16.049 > 
13:51:16.049 > 
13:51:16.049 > 
13:51:16.049 > 
13:51:16.049 > E[37mL[37mF file SHA256: 164b9197432aadfc[37m[37m
13:51:16.053 > 
13:51:16.374 > [37mR[37mebooting...
13:51:16.378 > [37me[37mts Jun  8 2016 00:22:57
13:51:16.378 > 
13:51:16.378 > rst:[37m0[37mxc (SW_CPU_RESET),boot:0x1b (SP[37mI[37m_FAST_FLASH_BOOT)
13:51:16.383 > configsip: 0[37m,[37m SPIWP:0xee
13:51:16.386 > clk_drv:0x00,q_drv[37m:[37m0x00,d_drv:0x00,cs0_drv:0x00,hd[37m_[37mdrv:0x00,wp_drv:0x00
13:51:16.392 > mode:DIO,[37m [37mclock div:2
13:51:16.394 > load:0x3fff0030,le[37mn[37m:1184
13:51:16.397 > load:0x40078000,len:1319[37m2[37m
13:51:16.400 > load:0x40080400,len:3028
13:51:16.400 > ent[37mr[37my 0x400805e4
13:51:17.015 > [37ms[37mtart
13:51:17.041 > [37m [37mB[37mrown out Reset
13:51:17.044 >  Watchdog Reset
13:51:17.047 > [37mM[37marlin 2.1.2
13:51:17.047 > echo: Last Updated:[37m [37m2022-12-17 | Author: (none, def[37ma[37mult config)
13:51:17.052 > echo: Compiled: Jan[37m [37m12 2024
13:51:17.055 > echo: Free Memory: 2253[37m6[37m0  PlannerBufferBytes: 1344
13:51:17.102 > [37me[37mcho:V87 stored settings retriev[37me[37md (870 bytes; crc 37517)
13:51:17.630 > [37me[37mcho:SD card ok
13:51:27.692 > [37me[37mcho:SD card ok
13:51:27.702 > [37me[37mcho:Setup wifi
13:51:27.839 > [37me[37mcho:Connecting
13:51:30.863 > [37me[37mcho:10.0.0.110
13:51:32.347 > [37me[37mcho:10.0.0.110
13:51:33.122 > [37m{[37m"myPanel":{"values":{"time":"20[37m2[37m4-01-12T13:51:33"}}}
13:51:46.746 > [37me[37mcho:SD card ok
13:51:52.535 > [37me[37mcho:Now fresh file: /TestMix.g
13:51:52.539 > [37mF[37mile opened: TestMix.g Size: 118[37m8[37m1
13:51:52.541 > File selected
13:51:52.649 > [37m[37m
13:51:52.650 > ***ERROR*** A stack overflow i[37mn[37m task tiT has been detected.
13:51:52.652 > [37m
13:51:52.655 > [37m
13:51:52.655 > Backtrace: 0x40083fc1:0x3ffb5[37mc[37m80 0x4008eba9:0x3ffb5ca0 0x4009[37m2[37m289:0x3ffb5cc0 0x400907cd:0x3ff[37mb[37m5d40 0x4008ecb8:0x3ffb5d70 0x40[37m0[37m8ec68:0x00000000 |<-CORRUPTED
13:51:52.669 > [37m[37m
13:51:52.669 > 
13:51:52.669 > 
13:51:52.669 > 
13:51:52.669 > ELF file SHA256: 164b919[37m7[37m432aadfc
13:51:52.670 > 
13:51:52.995 > [37mR[37mebooting...
13:51:52.998 > [37me[37mts Jun  8 2016 00:22:57
13:51:52.998 > 
13:51:52.998 > rst:[37m0[37mxc (SW_CPU_RESET),boot:0x1b (SP[37mI[37m_FAST_FLASH_BOOT)
13:51:53.003 > configsip: 0[37m,[37m SPIWP:0xee
13:51:53.007 > clk_drv:0x00,q_drv[37m:[37m0x00,d_drv:0x00,cs0_drv:0x00,hd[37m_[37mdrv:0x00,wp_drv:0x00
13:51:53.012 > mode:DIO,[37m [37mclock div:2
13:51:53.015 > load:0x3fff0030,le[37mn[37m:1184
13:51:53.018 > load:0x40078000,len:1319[37m2[37m
13:51:53.020 > load:0x40080400,len:3028
13:51:53.020 > ent[37mr[37my 0x400805e4
13:51:53.636 > [37ms[37mtart
13:51:53.665 > [37m [37mBrown out Reset
13:51:53.665 >  Watchdog Reset[37m
13:51:53.668 > [37mMarlin 2.1.2
13:51:53.668 > echo: Last Updated[37m:[37m 2022-12-17 | Author: (none, de[37mf[37mault config)
13:51:53.674 > echo: Compiled: Ja[37mn[37m 12 2024
13:51:53.676 > echo: Free Memory: 225[37m3[37m60  PlannerBufferBytes: 1344
13:51:53.724 > [37me[37mcho:V87 stored settings retriev[37me[37md (870 bytes; crc 37517)
13:51:54.254 > [37me[37mcho:SD card ok
13:52:04.322 > [37me[37mcho:SD card ok
13:52:04.331 > [37me[37mcho:Setup wifi
13:52:04.468 > [37me[37mcho:Connecting
13:52:07.497 > [37me[37mcho:10.0.0.110
13:52:08.962 > [37me[37mcho:10.0.0.110
13:52:09.681 > [37m{[37m"myPanel":{"values":{"time":"20[37m2[37m4-01-12T13:52:09"}}}
