09:37:52.710 > [37me[37mcho:No SD card
09:37:52.717 > [37me[37mcho:Setup wifi
09:37:53.401 > [37me[37mcho:AP SSID: 'ESP3D' is started[37m [37mand protected by password (setu[37mp[37m mode)
09:37:55.405 > [37me[37mcho:192.168.0.1
09:37:56.422 > [37me[37mcho:192.168.0.1
09:38:04.759 > [37me[37mcho:New client
09:38:10.281 > [37mE[37m (43078) task_wdt: Task watchdo[37mg[37m got triggered. The following t[37ma[37msks did not reset the watchdog [37mi[37mn time:
09:38:10.289 > E (43078) task_wdt:  -[37m [37mIDLE (CPU 0)
09:38:10.292 > E (43078) task_wd[37mt[37m: Tasks currently running:
09:38:10.295 > E ([37m4[37m3078) task_wdt: CPU 0: ESP3DLib[37m [37mTask
09:38:10.300 > E (43078) task_wdt: CPU 1[37m:[37m StepperTask
09:38:10.303 > E (43078) task_wd[37mt[37m: Aborting.
09:38:10.306 > 
09:38:10.306 > abort() was call[37me[37md at PC 0x40118ecc on core 0
09:38:10.308 > [37m
09:38:10.311 > [37m
09:38:10.311 > Backtrace: 0x40083eed:0x3ffbf[37m4[37m9c |<-CORRUPTED
09:38:10.314 > 
09:38:10.314 > 
09:38:10.314 > 
09:38:10.314 > 
09:38:10.314 > ELF fi[37ml[37me SHA256: 1a1afc89f134a2c6
09:38:10.319 > 
09:38:10.492 > [37mR[37mebooting...
09:38:10.493 > ets Jun  8 2016 00[37m:[37m22:57
09:38:10.495 > 
09:38:10.495 > rst:0xc (SW_CPU_RESET)[37m,[37mboot:0x1b (SPI_FAST_FLASH_BOOT)[37m[37m
09:38:10.501 > configsip: 0, SPIWP:0xee
09:38:10.501 > clk_[37md[37mrv:0x00,q_drv:0x00,d_drv:0x00,c[37ms[37m0_drv:0x00,hd_drv:0x00,wp_drv:0[37mx[37m00
09:38:10.509 > mode:DIO, clock div:2
09:38:10.509 > load[37m:[37m0x3fff0030,len:1184
09:38:10.513 > load:0x400[37m7[37m8000,len:13192
09:38:10.515 > load:0x40080400[37m,[37mlen:3028
09:38:10.519 > entry 0x400805e4
09:38:11.122 > [37ms[37mtart
09:38:11.146 > [37m [37mBrown out Reset
09:38:11.147 >  Watchdog Reset[37m
09:38:11.149 > [37mMarlin 2.1.2
09:38:11.149 > echo: Last Updated[37m:[37m 2022-12-17 | Author: (none, de[37mf[37mault config)
09:38:11.155 > echo: Compiled: De[37mc[37m 10 2024
09:38:11.157 > echo: Free Memory: 229[37m0[37m12  PlannerBufferBytes: 1664
09:38:11.208 > [37me[37mcho:V87 stored settings retriev[37me[37md (1162 bytes; crc 23353)
09:38:11.220 > [37me[37mcho:SD card released
09:38:23.639 > [37me[37mcho:No SD card
09:38:23.646 > [37me[37mcho:Setup wifi
09:38:24.329 > [37me[37mcho:AP SSID: 'ESP3D' is started[37m [37mand protected by password (setu[37mp[37m mode)
09:38:26.333 > [37me[37mcho:192.168.0.1
09:38:27.351 > [37me[37mcho:192.168.0.1
09:38:30.924 > [37me[37mcho:New client
09:40:02.076 > [37me[37mts Jun  8 2016 00:22:57
09:40:02.076 > 
09:40:02.076 > rst:[37m0[37mxc (SW_CPU_RESET),boot:0x1b (SP[37mI[37m_FAST_FLASH_BOOT)
09:40:02.081 > configsip: 0[37m,[37m SPIWP:0xee
09:40:02.084 > clk_drv:0x00,q_drv[37m:[37m0x00,d_drv:0x00,cs0_drv:0x00,hd[37m_[37mdrv:0x00,wp_drv:0x00
09:40:02.090 > mode:DIO,[37m [37mclock div:2
09:40:02.092 > load:0x3fff0030,le[37mn[37m:1184
09:40:02.095 > load:0x40078000,len:1319[37m2[37m
09:40:02.098 > load:0x40080400,len:3028
09:40:02.098 > ent[37mr[37my 0x400805e4
09:40:02.705 > [37ms[37mtart
09:40:02.730 > [37m [37mBrown out Reset
09:40:02.730 >  Watchdog Reset[37m
09:40:02.733 > [37mMarlin 2.1.2
09:40:02.733 > echo: Last Updated[37m:[37m 2022-12-17 | Author: (none, de[37mf[37mault config)
09:40:02.738 > echo: Compiled: De[37mc[37m 10 2024
09:40:02.741 > echo: Free Memory: 229[37m0[37m12  PlannerBufferBytes: 1664
09:40:02.792 > [37me[37mcho:V87 stored settings retriev[37me[37md (1162 bytes; crc 23353)
09:40:02.804 > [37me[37mcho:SD card released
09:40:15.219 > [37me[37mcho:No SD card
09:40:15.227 > [37me[37mcho:Setup wifi
09:40:15.362 > [37me[37mcho:Connecting
09:40:21.635 > [37me[37mcho:10.0.0.207
09:40:22.875 > [37me[37mcho:10.0.0.207
