19:25:23.923 > [37me[37mts Jun  8 2016 00:22:57
19:25:23.924 > 
19:25:23.924 > rst:[37m0[37mx1 (POWERON_RESET),boot:0x13 (S[37mP[37mI_FAST_FLASH_BOOT)
19:25:23.928 > configsip: [37m0[37m, SPIWP:0xee
19:25:23.931 > clk_drv:0x00,q_dr[37mv[37m:0x00,d_drv:0x00,cs0_drv:0x00,h[37md[37m_drv:0x00,wp_drv:0x00
19:25:23.936 > mode:DIO[37m,[37m clock div:2
19:25:23.939 > load:0x3fff0030,l[37me[37mn:1184
19:25:23.942 > load:0x40078000,len:131[37m9[37m2
19:25:23.945 > load:0x40080400,len:3028
19:25:23.945 > en[37mt[37mry 0x400805e4
19:25:24.524 > [37ms[37mtart
19:25:24.555 > [37m [37mExternal[37m [37mReset
19:25:24.557 >  Brown out Reset
19:25:24.557 >  Watchdo[37mg[37m Reset
19:25:24.560 > Marlin 2.1.2
19:25:24.560 > echo: Last [37mU[37mpdated: 2022-12-17 | Author: (n[37mo[37mne, default config)
19:25:24.566 > echo: Compi[37ml[37med: Dec 10 2024
19:25:24.569 > echo: Free Memo[37mr[37my: 228920  PlannerBufferBytes: [37m1[37m664
19:25:24.624 > [37me[37mcho:V87 s[37mt[37mored settings retrieved (1162 b[37my[37mtes; crc 33345)
19:25:24.638 > [37me[37mcho:SD card released
19:25:37.057 > [37me[37mcho:No SD card
19:25:37.065 > [37me[37mcho:Setup wifi
19:25:37.186 > [37me[37mcho:Connecting
19:25:40.220 > [37me[37mcho:10.0.0.223
19:25:41.694 > [37me[37mcho:10.0.0.223
