16:01:15.277 > [37me[37mcho:No SD card
16:01:15.284 > [37me[37mcho:Setup wifi
16:01:16.053 > [37me[37mcho:AP SSID: 'ESP3D' is started[37m [37mand protected by password (setu[37mp[37m mode)
16:01:18.055 > [37me[37mcho:192.168.0.1
16:01:19.071 > [37me[37mcho:192.168.0.1
16:01:22.719 > [37me[37mcho:New client
16:01:36.628 > [37mE[37m (46916) task_wdt: Task watchdo[37mg[37m got triggered. The following t[37ma[37msks did not reset the watchdog [37mi[37mn time:
16:01:36.636 > E (46916) task_wdt:  -[37m [37mIDLE (CPU 0)
16:01:36.639 > E (46916) task_wd[37mt[37m: Tasks currently running:
16:01:36.642 > E ([37m4[37m6916) task_wdt: CPU 0: ESP3DLib[37m [37mTask
16:01:36.647 > E (46916) task_wdt: CPU 1[37m:[37m IDLE
16:01:36.650 > E (46916) task_wdt: Abor[37mt[37ming.
16:01:36.653 > 
16:01:36.653 > abort() was called at P[37mC[37m 0x40117a6c on core 0
16:01:36.656 > 
16:01:36.656 > 
16:01:36.656 > Back[37mt[37mrace: 0x40083f49:0x3ffbf3fc |<-[37mC[37mORRUPTED
16:01:36.661 > 
16:01:36.661 > 
16:01:36.661 > 
16:01:36.661 > 
16:01:36.661 > ELF file SHA2[37m5[37m6: 7702916f0705f350
16:01:36.663 > 
16:01:36.842 > [37mR[37mebooting...
16:01:36.845 > [37me[37mts Jun  8 2016 00:22:57
16:01:36.845 > 
16:01:36.845 > rst:[37m0[37mxc (SW_CPU_RESET),boot:0x1b (SP[37mI[37m_FAST_FLASH_BOOT)
16:01:36.851 > configsip: 0[37m,[37m SPIWP:0xee
16:01:36.853 > clk_drv:0x00,q_drv[37m:[37m0x00,d_drv:0x00,cs0_drv:0x00,hd[37m_[37mdrv:0x00,wp_drv:0x00
16:01:36.859 > mode:DIO,[37m [37mclock div:2
16:01:36.862 > load:0x3fff0030,le[37mn[37m:1184
16:01:36.864 > load:0x40078000,len:1319[37m2[37m
16:01:36.867 > load:0x40080400,len:3028
16:01:36.867 > ent[37mr[37my 0x400805e4
16:01:37.450 > [37ms[37mtart
16:01:37.473 > [37m [37mBrown out Reset
16:01:37.473 >  Watchdog Reset[37m
16:01:37.476 > [37mMarlin 2.1.2
16:01:37.476 > echo: Last Updated[37m:[37m 2022-12-17 | Author: (none, de[37mf[37mault config)
16:01:37.482 > echo: Compiled: No[37mv[37m 27 2024
16:01:37.484 > echo: Free Memory: 229[37m9[37m28  PlannerBufferBytes: 1344
16:01:37.530 > [37me[37mcho:V87 stored settings retriev[37me[37md (762 bytes; crc 37024)
16:01:37.539 > [37me[37mcho:SD card released
16:01:49.962 > [37me[37mcho:No SD card
16:01:49.969 > [37me[37mcho:Setup wifi
16:01:50.737 > [37me[37mcho:AP SSID: 'ESP3D' is started[37m [37mand protected by password (setu[37mp[37m mode)
16:01:52.739 > [37me[37mcho:192.168.0.1
16:01:53.755 > [37me[37mcho:192.168.0.1
