17:10:42.217 > [37mecho:New client
17:11:13.445 > [37me[37mts Jun  8 2016 00:22:57
17:11:13.445 > 
17:11:13.445 > rst:[37m0[37mx1 (POWERON_RESET),boot:0x13 (S[37mP[37mI_FAST_FLASH_BOOT)
17:11:13.450 > configsip: [37m0[37m, SPIWP:0xee
17:11:13.453 > clk_drv:0x00,q_dr[37mv[37m:0x00,d_drv:0x00,cs0_drv:0x00,h[37md[37m_drv:0x00,wp_drv:0x00
17:11:13.458 > mode:DIO[37m,[37m clock div:2
17:11:13.461 > load:0x3fff0030,l[37me[37mn:1184
17:11:13.463 > load:0x40078000,len:131[37m9[37m2
17:11:13.466 > load:0x40080400,len:3028
17:11:13.466 > en[37mt[37mry 0x400805e4
17:11:14.051 > [37ms[37mtart
17:11:14.075 > [37m [37mExternal Reset
17:11:14.075 >  Brown out Reset[37m
17:11:14.077 > [37m Watchdog Reset
17:11:14.077 > Marlin 2.1.2
17:11:14.077 > ec[37mh[37mo: Last Updated: 2022-12-17 | A[37mu[37mthor: (none, default config)
17:11:14.083 > ec[37mh[37mo: Compiled: Nov 27 2024
17:11:14.085 > echo: [37mF[37mree Memory: 230156  PlannerBuff[37me[37mrBytes: 1344
17:11:14.130 > [37me[37mcho:V87 stored settings retriev[37me[37md (762 bytes; crc 37024)
17:11:14.140 > [37me[37mcho:SD card released
17:11:26.555 > [37me[37mcho:No SD card
17:11:26.562 > [37me[37mcho:Setup wifi
17:11:26.674 > [37me[37mcho:Connecting
17:11:47.920 > [37me[37mcho:AP SSID: 'ESP3D' is started[37m [37mand protected by password (setu[37mp[37m mode)
17:11:49.922 > [37me[37mcho:192.168.0.1
17:11:50.938 > [37me[37mcho:192.168.0.1
17:11:59.397 > [37me[37mcho:New client
17:12:59.646 > [37mE[37m (118528) task_wdt: Task watchd[37mo[37mg got triggered. The following [37mt[37masks did not reset the watchdog[37m [37min time:
17:12:59.655 > E (118528) task_wdt: [37m [37m- IDLE (CPU 0)
17:12:59.660 > E (118528) task[37m_wdt: Tasks currently running:
17:12:59.663 > [37mE[37m (118528) task_wdt: CPU 0: ESP3[37mD[37mLib Task
17:12:59.666 > E (118528) task_wdt: [37mC[37mPU 1: IDLE
17:12:59.668 > E (118528) task_wdt[37m:[37m Aborting.
17:12:59.671 > 
17:12:59.671 > abort() was calle[37md[37m at PC 0x40117a6c on core 0
17:12:59.674 > 
17:12:59.677 > [37m[37m
17:12:59.677 > Backtrace: 0x40083f49:0x3ffbf3[37mf[37mc |<-CORRUPTED
17:12:59.680 > 
17:12:59.680 > 
17:12:59.680 > 
17:12:59.680 > 
17:12:59.680 > ELF fil[37me[37m SHA256: cbb028079a9d9b76
17:12:59.682 > 
17:12:59.873 > [37mR[37mebooting...
17:12:59.876 > [37me[37mts Jun  8 2016 00:22:57
17:12:59.876 > 
17:12:59.876 > rst:[37m0[37mxc (SW_CPU_RESET),boot:0x13 (SP[37mI[37m_FAST_FLASH_BOOT)
17:12:59.882 > configsip: 0[37m,[37m SPIWP:0xee
17:12:59.885 > clk_drv:0x00,q_drv[37m:[37m0x00,d_drv:0x00,cs0_drv:0x00,hd[37m_[37mdrv:0x00,wp_drv:0x00
17:12:59.890 > mode:DIO,[37m [37mclock div:2
17:12:59.893 > load:0x3fff0030,le[37mn[37m:1184
17:12:59.896 > load:0x40078000,len:1319[37m2[37m
17:12:59.898 > load:0x40080400,len:3028
17:12:59.898 > ent[37mr[37my 0x400805e4
17:13:00.483 > [37ms[37mtart
17:13:00.506 > [37m [37mBrown out Reset
17:13:00.506 >  Watchdog Reset[37m
17:13:00.509 > [37mMarlin 2.1.2
17:13:00.509 > echo: Last Updated[37m:[37m 2022-12-17 | Author: (none, de[37mf[37mault config)
17:13:00.514 > echo: Compiled: No[37mv[37m 27 2024
17:13:00.517 > echo: Free Memory: 230[37m1[37m56  PlannerBufferBytes: 1344
17:13:00.561 > [37me[37mcho:V87 stored settings retriev[37me[37md (762 bytes; crc 37024)
17:13:00.570 > [37me[37mcho:SD card released
17:13:12.985 > [37me[37mcho:No SD card
17:13:12.992 > [37me[37mcho:Setup wifi
17:13:13.104 > [37me[37mcho:Connecting
17:13:34.351 > [37me[37mcho:AP SSID: 'ESP3D' is started[37m [37mand protected by password (setu[37mp[37m mode)
17:13:36.353 > [37me[37mcho:192.168.0.1
17:13:37.369 > [37me[37mcho:192.168.0.1
17:13:45.015 > [37me[37mcho:New client
17:14:18.849 > [37mE[37m (91297) task_wdt: Task watchdo[37mg[37m got triggered. The following t[37ma[37msks did not reset the watchdog [37mi[37mn time:
17:14:18.857 > E (91297) task_wdt:  -[37m [37mIDLE (CPU 0)
17:14:18.860 > E (91297) task_wd[37mt[37m: Tasks currently running:
17:14:18.863 > E ([37m9[37m1297) task_wdt: CPU 0: ESP3DLib[37m [37mTask
17:14:18.868 > E (91297) task_wdt: CPU 1[37m:[37m IDLE
17:14:18.871 > E (91297) task_wdt: Abor[37mt[37ming.
17:14:18.874 > 
17:14:18.874 > abort() was called at P[37mC[37m 0x40117a6c on core 0
17:14:18.877 > 
17:14:18.877 > 
17:14:18.877 > Back[37mt[37mrace: 0x40083f49:0x3ffbf3fc |<-[37mC[37mORRUPTED
17:14:18.882 > 
17:14:18.882 > 
17:14:18.882 > 
17:14:18.882 > 
17:14:18.882 > ELF file SHA2[37m5[37m6: cbb028079a9d9b76
17:14:18.884 > 
17:14:19.072 > [37mR[37mebooting...
17:14:19.075 > [37me[37mts Jun  8 2016 00:22:57
17:14:19.075 > 
17:14:19.075 > rst:[37m0[37mxc (SW_CPU_RESET),boot:0x13 (SP[37mI[37m_FAST_FLASH_BOOT)
17:14:19.081 > configsip: 0[37m,[37m SPIWP:0xee
17:14:19.084 > clk_drv:0x00,q_drv[37m:[37m0x00,d_drv:0x00,cs0_drv:0x00,hd[37m_[37mdrv:0x00,wp_drv:0x00
17:14:19.091 > mode:DIO,[37m [37mclock div:2
17:14:19.092 > load:0x3fff0030,le[37mn[37m:1184
17:14:19.095 > load:0x40078000,len:1319[37m2[37m
17:14:19.098 > load:0x40080400,len:3028
17:14:19.098 > ent[37mr[37my 0x400805e4
17:14:19.682 > [37ms[37mtart
17:14:19.705 > [37m [37mBrown out Reset
17:14:19.706 >  Watchdog Reset[37m
17:14:19.708 > [37mMarlin 2.1.2
17:14:19.708 > echo: Last Updated[37m:[37m 2022-12-17 | Author: (none, de[37mf[37mault config)
17:14:19.714 > echo: Compiled: No[37mv[37m 27 2024
17:14:19.716 > echo: Free Memory: 230[37m1[37m56  PlannerBufferBytes: 1344
17:14:19.761 > [37me[37mcho:V87 stored settings retriev[37me[37md (762 bytes; crc 37024)
17:14:19.769 > [37me[37mc[37mho:SD card released
