17:25:53.974 > [37me[37mcho:No SD card
17:25:53.982 > [37me[37mcho:Setup wifi
17:25:54.115 > [37me[37mcho:Connecting
17:25:57.163 > [37me[37mcho:10.0.0.103
17:25:58.613 > [37me[37mcho:10.0.0.103
17:30:51.807 > [37me[37mts Jun  8 2016 00:22:57
17:30:51.807 > 
17:30:51.807 > rst:[37m0[37mx1 (POWERON_RESET),boot:0x1b (S[37mP[37mI_FAST_FLASH_BOOT)
17:30:51.812 > configsip: [37m0[37m, SPIWP:0xee
17:30:51.815 > clk_drv:0x00,q_dr[37mv[37m:0x00,d_drv:0x00,cs0_drv:0x00,h[37md[37m_drv:0x00,wp_drv:0x00
17:30:51.820 > mode:DIO[37m,[37m clock div:2
17:30:51.823 > load:0x3fff0030,l[37me[37mn:1184
17:30:51.826 > load:0x40078000,len:131[37m9[37m2
17:30:51.828 > load:0x40080400,len:3028
17:30:51.828 > en[37mt[37mry 0x400805e4
17:30:52.417 > [37ms[37mtart
17:30:52.464 > [37m [37mExternal Reset
17:30:52.464 >  Brown out Reset[37m
17:30:52.467 > [37m Watchdog Reset
17:30:52.467 > Marlin 2.1.2
17:30:52.467 > ec[37mh[37mo: Last Updated: 2022-12-17 | A[37mu[37mthor: (none, default config)
17:30:52.472 > ec[37mh[37mo: Compiled: Dec 19 2024
17:30:52.475 > echo: [37mF[37mree Memory: 231936  PlannerBuff[37me[37mrBytes: 1664
17:30:52.604 > [37me[37mcho:V87 stored settings retriev[37me[37md (1162 bytes; crc 37747)
17:30:52.616 > [37me[37mcho:SD card released
17:31:05.041 > [37me[37mcho:No SD card
17:31:05.050 > [37me[37mcho:Setup wifi
17:31:05.185 > [37me[37mcho:Connecting
17:31:08.228 > [37me[37mcho:10.0.0.103
17:31:09.683 > [37me[37mcho:10.0.0.103
