16:33:59.580 > [37me[37mcho:No SD card
16:33:59.587 > [37me[37mcho:Setup wifi
16:34:00.358 > [37me[37mcho:AP SSID: 'ESP3D' is started[37m [37mand protected by password (setu[37mp[37m mode)
16:34:02.360 > [37me[37mcho:192.168.0.1
16:34:03.376 > [37me[37mcho:192.168.0.1
16:34:05.718 > [37me[37mcho:New client
16:34:45.687 > [37mE[37m (71682) task_wdt: Task watchdo[37mg[37m got triggered. The following t[37ma[37msks did not reset the watchdog [37mi[37mn time:
16:34:45.695 > E (71682) task_wdt:  -[37m [37mIDLE (CPU 0)
16:34:45.698 > E (71682) task_wd[37mt[37m: Tasks currently running:
16:34:45.704 > E (71682) task_wdt: CPU 0: ESP3DLib[37m [37mTask
16:34:45.706 > E (71682) task_wdt: CPU 1[37m:[37m IDLE
16:34:45.709 > E (71682) task_wdt: Abor[37mt[37ming.
16:34:45.712 > 
16:34:45.712 > abort() was called at P[37mC[37m 0x40117a6c on core 0
16:34:45.715 > 
16:34:45.715 > 
16:34:45.715 > Back[37mt[37mrace: 0x40083f49:0x3ffbf3fc |<-[37mC[37mORRUPTED
16:34:45.720 > 
16:34:45.720 > 
16:34:45.720 > 
16:34:45.720 > 
16:34:45.720 > ELF file SHA2[37m5[37m6: bd2c6abcd7886249
16:34:45.722 > 
16:34:45.911 > [37mR[37mebooting...
16:34:45.914 > [37me[37mts Jun  8 2016 00:22:57
16:34:45.914 > 
16:34:45.914 > rst:[37m0[37mxc (SW_CPU_RESET),boot:0x1b (SP[37mI[37m_FAST_FLASH_BOOT)
16:34:45.919 > configsip: 0[37m,[37m SPIWP:0xee
16:34:45.922 > clk_drv:0x00,q_drv[37m:[37m0x00,d_drv:0x00,cs0_drv:0x00,hd[37m_[37mdrv:0x00,wp_drv:0x00
16:34:45.927 > mode:DIO,[37m [37mclock div:2
16:34:45.930 > load:0x3fff0030,le[37mn[37m:1184
16:34:45.933 > load:0x40078000,len:1319[37m2[37m
16:34:45.936 > load:0x40080400,len:3028
16:34:45.936 > ent[37mr[37my 0x400805e4
16:34:46.518 > [37ms[37mtart
16:34:46.542 > [37m [37mBrown out Reset
16:34:46.542 >  Watchdog Reset[37m
16:34:46.545 > [37mMarlin 2.1.2
16:34:46.545 > echo: Last Updated[37m:[37m 2022-12-17 | Author: (none, de[37mf[37mault config)
16:34:46.550 > echo: Compiled: No[37mv[37m 27 2024
16:34:46.553 > echo: Free Memory: 230[37m2[37m00  PlannerBufferBytes: 1344
16:34:46.598 > [37me[37mcho:V87 stored settings retriev[37me[37md (762 bytes; crc 37024)
16:34:46.607 > [37me[37mcho:SD card released
16:34:59.031 > [37me[37mcho:No SD card
16:34:59.038 > [37me[37mcho:Setup wifi
16:34:59.807 > [37me[37mcho:AP SSID: 'ESP3D' is started[37m [37mand protected by password (setu[37mp[37m mode)
16:35:01.809 > [37me[37mcho:192.168.0.1
16:35:02.825 > [37me[37mcho:192.168.0.1
16:35:07.535 > [37me[37mcho:New client
16:35:41.723 > [37mE[37m (68143) task_wdt: Task watchdo[37mg[37m got triggered. The following t[37masks did not reset the watchdog [37mi[37mn time:
16:35:41.731 > E (68143) task_wdt:  -[37m [37mIDLE (CPU 0)
16:35:41.734 > E (68143) task_wd[37mt[37m: Tasks currently running:
16:35:41.736 > E ([37m6[37m8143) task_wdt: CPU 0: ESP3DLib[37m [37mTask
16:35:41.742 > E (68143) task_wdt: CPU 1[37m:[37m StepperTask
16:35:41.745 > E (68143) task_wd[37mt[37m: Aborting.
16:35:41.748 > 
16:35:41.748 > abort() was call[37me[37md at PC 0x40117a6c on core 0
16:35:41.750 > [37m
16:35:41.753 > [37m
16:35:41.753 > Backtrace: 0x40083f49:0x3ffbf[37m3[37mfc |<-CORRUPTED
16:35:41.756 > 
16:35:41.756 > 
16:35:41.756 > 
16:35:41.756 > 
16:35:41.756 > ELF fi[37ml[37me SHA256: bd2c6abcd7886249
16:35:41.759 > 
16:35:41.946 > [37mR[37mebooting...
16:35:41.949 > [37me[37mts Jun  8 2016 00:22:57
16:35:41.949 > 
16:35:41.949 > rst:[37m0[37mxc (SW_CPU_RESET),boot:0x1b (SP[37mI[37m_FAST_FLASH_BOOT)
16:35:41.955 > configsip: 0[37m,[37m SPIWP:0xee
16:35:41.957 > clk_drv:0x00,q_drv[37m:[37m0x00,d_drv:0x00,cs0_drv:0x00,hd[37m_[37mdrv:0x00,wp_drv:0x00
16:35:41.963 > mode:DIO,[37m [37mclock div:2
16:35:41.966 > load:0x3fff0030,le[37mn[37m:1184
16:35:41.968 > load:0x40078000,len:1319[37m2[37m
16:35:41.971 > load:0x40080400,len:3028
16:35:41.971 > ent[37mr[37my 0x400805e4
16:35:42.554 > [37ms[37mtart
16:35:42.578 > [37m [37mBrown out Reset
16:35:42.578 >  Watchdog Reset[37m
16:35:42.581 > [37mMarlin 2.1.2
16:35:42.581 > echo: Last Updated[37m:[37m 2022-12-17 | Author: (none, de[37mf[37mault config)
16:35:42.586 > echo: Compiled: No[37mv[37m 27 2024
16:35:42.589 > echo: Free Memory: 230[37m2[37m00  PlannerBufferBytes: 1344
16:35:42.631 > [37me[37mch[37mo[37m:V87 stored settings retrieved [37m([37m762 bytes; crc 37024)
16:35:42.643 > [37me[37mcho:SD card released
16:35:55.057 > [37me[37mcho:No SD card
16:35:55.064 > [37me[37mcho:Setup wifi
16:35:55.832 > [37me[37mcho:AP SSID: 'ESP3D' is started[37m [37mand protected by password (setu[37mp[37m mode)
16:35:57.835 > [37me[37mcho:192.168.0.1
16:35:58.851 > [37me[37mcho:192.168.0.1
16:36:05.492 > [37me[37mcho:New client
16:36:58.812 > [37mE[37m (89188) task_wdt: Task watchdo[37mg[37m got triggered. The following t[37ma[37msks did not reset the watchdog [37mi[37mn time:
16:36:58.821 > E (89188) task_wdt:  -[37m [37mIDLE (CPU 0)
16:36:58.824 > E (89188) task_wd[37mt[37m: Tasks currently running:
16:36:58.826 > E ([37m8[37m9188) task_wdt: CPU 0: ESP3DLib[37m [37mTask
16:36:58.832 > E (89188) task_wdt: CPU 1[37m:[37m IDLE
16:36:58.834 > E (89188) task_wdt: Abor[37mt[37ming.
16:36:58.837 > 
16:36:58.837 > abort() was called at P[37mC[37m 0x40117a6c on core 0
16:36:58.840 > 
16:36:58.840 > 
16:36:58.840 > Back[37mt[37mrace: 0x40083f49:0x3ffbf3fc |<-[37mC[37mORRUPTED
16:36:58.846 > 
16:36:58.846 > 
16:36:58.846 > 
16:36:58.846 > 
16:36:58.846 > ELF file SHA2[37m5[37m6: bd2c6abcd7886249
16:36:58.848 > 
16:36:59.037 > [37mR[37mebooting...
16:36:59.040 > [37me[37mts Jun  8 2016 00:22:57
16:36:59.040 > 
16:36:59.040 > rst:[37m0[37mxc (SW_CPU_RESET),boot:0x1b (SP[37mI[37m_FAST_FLASH_BOOT)
16:36:59.045 > configsip: 0[37m,[37m SPIWP:0xee
16:36:59.048 > clk_drv:0x00,q_drv[37m:[37m0x00,d_drv:0x00,cs0_drv:0x00,hd[37m_[37mdrv:0x00,wp_drv:0x00
16:36:59.054 > mode:DIO,[37m [37mclock div:2
16:36:59.056 > load:0x3fff0030,le[37mn[37m:1184
16:36:59.059 > load:0x40078000,len:1319[37m2[37m
16:36:59.062 > load:0x40080400,len:3028
16:36:59.062 > ent[37mr[37my 0x400805e4
16:36:59.645 > [37ms[37mtart
16:36:59.669 > [37m [37mBrown out Reset
16:36:59.669 >  Watchdog Reset[37m
16:36:59.671 > [37mMarlin 2.1.2
16:36:59.671 > echo: Last Updated[37m:[37m 2022-12-17 | Author: (none, de[37mf[37mault config)
16:36:59.677 > echo: Compiled: No[37mv[37m 27 2024
16:36:59.680 > echo: Free Memory: 230[37m2[37m00  PlannerBufferBytes: 1344
16:36:59.725 > [37me[37mcho:V87 stored settings retriev[37me[37md (762 bytes; crc 37024)
16:36:59.734 > [37me[37mcho:SD card released
16:37:12.148 > [37me[37mcho:No SD card
16:37:12.155 > [37me[37mcho:Setup wifi
16:37:12.922 > [37me[37mcho:AP SSID: 'ESP3D' is started[37m [37mand protected by password (setu[37mp[37m mode)
16:37:14.924 > [37me[37mcho:192.168.0.1
16:37:15.940 > [37me[37mcho:192.168.0.1
