14:11:57.601 > [37me[37mts Jun  8 2016 00:22:57
14:11:57.601 > 
14:11:57.601 > rst:[37m0[37mx1 (POWERON_RESET),boot:0x1b (S[37mP[37mI_FAST_FLASH_BOOT)
14:11:57.606 > configsip: [37m0[37m, SPIWP:0xee
14:11:57.609 > clk_drv:0x00,q_dr[37mv[37m:0x00,d_drv:0x00,cs0_drv:0x00,h[37md[37m_drv:0x00,wp_drv:0x00
14:11:57.614 > mode:DIO[37m,[37m clock div:2
14:11:57.617 > load:0x3fff0030,l[37me[37mn:1184
14:11:57.620 > load:0x40078000,len:131[37m9[37m2
14:11:57.622 > load:0x40080400,len:3028
14:11:57.622 > en[37mt[37mry 0x400805e4
14:11:58.214 > [37ms[37mtart
14:11:58.269 > [37m [37mExternal Reset
14:11:58.269 >  Brown out Reset[37m
14:11:58.272 > [37m Watchdog Reset
14:11:58.272 > Marlin 2.1.2
14:11:58.272 > ec[37mh[37mo: Last Updated: 2022-12-17 | A[37mu[37mthor: (none, default config)
14:11:58.277 > ec[37mh[37mo: Compiled: Dec 18 2024
14:11:58.280 > echo: [37mF[37mree Memory: 228888  PlannerBuff[37me[37mrBytes: 1664
14:11:58.391 > [37me[37mcho:V87 stored settings retriev[37me[37md (1162 bytes; crc 37747)
14:11:58.411 > [37me[37mcho:SD card released
14:12:10.425 > [37me[37mcho:No SD card
14:12:10.433 > [37me[37mcho:Setup wifi
14:12:10.554 > [37me[37mcho:Connecting
14:12:13.586 > [37me[37mcho:10.0.0.103
14:12:15.063 > [37me[37mcho:10.0.0.103
