10:09:26.201 > [37me[37mcho:No SD card
10:09:26.210 > [37me[37mcho:Setup wifi
10:09:26.341 > [37me[37mcho:Connecting
10:09:29.882 > [37me[37mcho:10.0.0.103
10:09:31.348 > [37me[37mcho:10.0.0.103
10:10:47.167 > [37mE[37m (106851) ledc: ledc_set_duty(7[37m1[37m9): LEDC is not initialized
10:10:47.170 > E [37m([37m106852) ledc: ledc_update_duty([37m6[37m47): LEDC is not initialized
10:10:47.526 > [37mE[37m (107210) ledc: ledc_set_duty(7[37m1[37m9): LEDC is not initialized
10:10:47.528 > E [37m([37m107210) ledc: ledc_update_duty([37m6[37m47): LEDC is not initialized
10:10:48.026 > [37mE[37m (107711) ledc: ledc_set_duty(7[37m1[37m9): LEDC is not initialized
10:10:48.029 > E [37m([37m107711) ledc: ledc_update_duty([37m6[37m47): LEDC is not initialized
10:10:48.526 > [37mE[37m (108211) ledc: ledc_set_duty(7[37m1[37m9): LEDC is not initialized
10:10:48.529 > E [37m([37m108211) ledc: ledc_update_duty([37m6[37m47): LEDC is not initialized
10:10:49.028 > [37mE[37m (108711) ledc: ledc_set_duty(7[37m1[37m9): LEDC is not initialized
10:10:49.031 > E [37m([37m108713) ledc: ledc_update_duty([37m6[37m47): LEDC is not initialized
10:10:49.528 > [37mE[37m (109213) ledc: ledc_set_duty(7[37m1[37m9): LEDC is not initialized
10:10:49.531 > E [37m([37m109213) ledc: ledc_update_duty([37m6[37m47): LEDC is not initialized
10:10:50.028 > [37mE[37m (109713) ledc: ledc_set_duty(7[37m1[37m9): LEDC is not initialized
10:10:50.031 > E [37m([37m109713) ledc: ledc_update_duty([37m6[37m47): LEDC is not initialized
10:10:50.528 > [37mE[37m (110213) ledc: ledc_set_duty(7[37m1[37m9): LEDC is not initialized
10:10:50.531 > E [37m([37m110213) ledc: ledc_update_duty([37m6[37m47): LEDC is not initialized
10:11:01.655 > [37mE[37m (121339) ledc: ledc_set_duty(7[37m1[37m9): LEDC is not initialized
10:11:01.658 > E [37m([37m121339) ledc: ledc_update_duty([37m6[37m47): LEDC is not initialized
10:11:02.028 > [37mE[37m (121712) ledc: ledc_set_duty(7[37m1[37m9): LEDC is not initialized
10:11:02.030 > E [37m([37m121712) ledc: ledc_update_duty([37m6[37m47): LEDC is not initialized
10:11:02.528 > [37mE[37m (122213) ledc: ledc_set_duty(7[37m1[37m9): LEDC is not initialized
10:11:02.531 > E [37m([37m122213) ledc: ledc_update_duty([37m6[37m47): LEDC is not initialized
10:11:03.028 > [37mE[37m (122713) ledc: ledc_set_duty(7[37m1[37m9): LEDC is not initialized
10:11:03.031 > E [37m([37m122713) ledc: ledc_update_duty([37m6[37m47): LEDC is not initialized
10:11:03.530 > [37mE[37m (123213) ledc: ledc_set_duty(7[37m1[37m9): LEDC is not initialized
10:11:03.533 > E [37m([37m123215) ledc: ledc_update_duty([37m6[37m47): LEDC is not initialized
10:11:04.025 > [37mE[37m (123710) ledc: ledc_set_duty(7[37m1[37m9): LEDC is not initialized
10:11:04.028 > E [37m([37m123710) ledc: ledc_update_duty([37m6[37m47): LEDC is not initialized
10:11:04.525 > [37mE[37m (124210) ledc: ledc_set_duty(7[37m1[37m9): LEDC is not initialized
10:11:04.528 > E [37m([37m124210) ledc: ledc_update_duty([37m6[37m47): LEDC is not initialized
10:11:05.030 > [37mE[37m (124715) ledc: ledc_set_duty(7[37m1[37m9): LEDC is not initialized
10:11:05.033 > E [37m([37m124715) ledc: ledc_update_duty([37m6[37m47): LEDC is not initialized
10:13:30.279 > [37mE[37m (269963) ledc: ledc_set_duty(7[37m1[37m9): LEDC is not initialized
10:13:30.281 > E [37m([37m269963) ledc: ledc_update_duty([37m6[37m47): LEDC is not initialized
10:13:30.533 > [37mE[37m (270215) ledc: ledc_set_duty(7[37m1[37m9): LEDC is not initialized
10:13:30.536 > E [37m([37m270217) ledc: ledc_update_duty([37m6[37m47): LEDC is not initialized
10:13:31.028 > [37mE[37m (270712) ledc: ledc_set_duty(7[37m1[37m9): LEDC is not initialized
10:13:31.030 > E [37m([37m270712) ledc: ledc_update_duty([37m6[37m47): LEDC is not initialized
10:13:31.528 > [37mE[37m (271212) ledc: ledc_set_duty(7[37m1[37m9): LEDC is not initialized
10:13:31.531 > E [37m([37m271212) ledc: ledc_update_duty([37m6[37m47): LEDC is not initialized
10:13:32.030 > [37mE[37m (271712) ledc: ledc_set_duty(7[37m1[37m9): LEDC is not initialized
10:13:32.032 > E [37m([37m271714) ledc: ledc_update_duty([37m6[37m47): LEDC is not initialized
10:13:32.530 > [37mE[37m (272214) ledc: ledc_set_duty(7[37m1[37m9): LEDC is not initialized
10:13:32.533 > E [37m([37m272214) ledc: ledc_update_duty([37m6[37m47): LEDC is not initialized
10:13:33.029 > [37mE[37m (272714) ledc: ledc_set_duty(7[37m1[37m9): LEDC is not initialized
10:13:33.032 > E [37m([37m272714) ledc: ledc_update_duty([37m6[37m47): LEDC is not initialized
10:13:33.530 > [37mE[37m (273214) ledc: ledc_set_duty(7[37m1[37m9): LEDC is not initialized
10:13:33.532 > E [37m([37m273214) ledc: ledc_update_duty([37m6[37m47): LEDC is not initialized
10:14:07.308 > [37mE[37m (306992) ledc: ledc_set_duty(7[37m1[37m9): LEDC is not initialized
10:14:07.310 > E [37m([37m306992) ledc: ledc_update_duty([37m6[37m47): LEDC is not initialized
10:14:07.529 > [37mE[37m (307213) ledc: ledc_set_duty(7[37m1[37m9): LEDC is not initialized
10:14:07.532 > E [37m([37m307213) ledc: ledc_update_duty([37m6[37m47): LEDC is not initialized
10:14:08.030 > [37mE[37m (307714) ledc: ledc_set_duty(7[37m1[37m9): LEDC is not initialized
10:14:08.033 > E [37m([37m307714) ledc: ledc_update_duty([37m6[37m47): LEDC is not initialized
10:14:08.530 > [37mE[37m (308214) ledc: ledc_set_duty(7[37m1[37m9): LEDC is not initialized
10:14:08.533 > E [37m([37m308214) ledc: ledc_update_duty([37m6[37m47): LEDC is not initialized
10:14:09.030 > [37mE[37m (308714) ledc: ledc_set_duty(7[37m1[37m9): LEDC is not initialized
10:14:09.033 > E [37m([37m308714) ledc: ledc_update_duty([37m6[37m47): LEDC is not initialized
10:14:09.530 > [37mE[37m (309214) ledc: ledc_set_duty(7[37m1[37m9): LEDC is not initialized
10:14:09.532 > E [37m([37m309214) ledc: ledc_update_duty([37m6[37m47): LEDC is not initialized
10:14:10.030 > [37mE[37m (309714) ledc: ledc_set_duty(7[37m1[37m9): LEDC is not initialized
10:14:10.033 > E [37m([37m309714) ledc: ledc_update_duty([37m6[37m47): LEDC is not initialized
10:14:10.530 > [37mE[37m (310214) ledc: ledc_set_duty(7[37m1[37m9): LEDC is not initialized
10:14:10.533 > E [37m([37m310214) ledc: ledc_update_duty([37m6[37m47): LEDC is not initialized
