09:06:59.507 > [37mecho:SD card ok
09:07:35.080 > [37me[37mcho:SD card ok
09:07:41.863 > [37me[37mcho:Now fresh file: /TestMix.g
09:07:41.866 > [37mF[37mile opened: TestMix.g Size: 118[37m8[37m3
09:07:41.867 > File selected
09:07:41.912 > [37m0[37m.00[37m
09:07:41.914 > [37m0[37m.00
09:07:41.962 > [37m-[37m9999899.00
09:07:41.962 > -9999899.00
09:07:41.962 > -99998[37m9[37m9.00
09:07:43.975 > [37me[37mc[37mho:busy: processing
09:07:45.979 > [37me[37mcho:busy: processing
09:07:47.980 > [37me[37mcho:busy: processing
09:07:49.981 > [37me[37mcho:busy: processing
09:07:51.982 > [37me[37mcho:busy: processing
09:07:53.983 > [37me[37mcho:busy: processing
09:07:55.985 > [37me[37mcho:busy: processing
09:07:57.986 > [37me[37mcho:busy: processing
09:07:59.987 > [37me[37mcho:busy: processing
09:08:01.988 > [37me[37mcho:busy: processing
09:08:03.989 > [37me[37mcho:busy: processing
09:08:05.991 > [37me[37mcho:busy: processing
09:08:06.167 > [37mD[37mone printing file
